This is pdfTeX, Version 3.14159265-2.6-1.40.20 (TeX Live 2019/Debian) (preloaded format=pdflatex 2020.9.30)  27 DEC 2020 15:23
entering extended mode
 restricted \write18 enabled.
 %&-line parsing enabled.
**ReporteP5.tex
(./ReporteP5.tex
LaTeX2e <2020-02-02> patch level 2
L3 programming layer <2020-02-14>
(/usr/share/texlive/texmf-dist/tex/latex/base/article.cls
Document Class: article 2019/12/20 v1.4l Standard LaTeX document class
(/usr/share/texlive/texmf-dist/tex/latex/base/size10.clo
File: size10.clo 2019/12/20 v1.4l Standard LaTeX file (size option)
)
\c@part=\count167
\c@section=\count168
\c@subsection=\count169
\c@subsubsection=\count170
\c@paragraph=\count171
\c@subparagraph=\count172
\c@figure=\count173
\c@table=\count174
\abovecaptionskip=\skip47
\belowcaptionskip=\skip48
\bibindent=\dimen134
)
(/usr/share/texlive/texmf-dist/tex/generic/babel/babel.sty
Package: babel 2020/02/14 3.40 The Babel package

(/usr/share/texlive/texmf-dist/tex/generic/babel/switch.def
File: switch.def 2020/02/14 3.40 Babel switching mechanism
)
(/usr/share/texlive/texmf-dist/tex/generic/babel-spanish/spanish.ldf
Language: spanish.ldf 2016/03/03 v5.0p Spanish support from the babel system

(/usr/share/texlive/texmf-dist/tex/generic/babel/babel.def
File: babel.def 2020/02/14 3.40 Babel common definitions
\babel@savecnt=\count175
\U@D=\dimen135

(/usr/share/texlive/texmf-dist/tex/generic/babel/txtbabel.def)
\bbl@readstream=\read2
\bbl@dirlevel=\count176
)
\es@quottoks=\toks14
\es@quotdepth=\count177
Package babel Info: Making " an active character on input line 561.
Package babel Info: Making . an active character on input line 662.
Package babel Info: Making < an active character on input line 707.
Package babel Info: Making > an active character on input line 707.
))
(/usr/share/texlive/texmf-dist/tex/latex/base/inputenc.sty
Package: inputenc 2018/08/11 v1.3c Input encoding file
\inpenc@prehook=\toks15
\inpenc@posthook=\toks16
)
(/usr/share/texlive/texmf-dist/tex/latex/amsfonts/amssymb.sty
Package: amssymb 2013/01/14 v3.01 AMS font symbols

(/usr/share/texlive/texmf-dist/tex/latex/amsfonts/amsfonts.sty
Package: amsfonts 2013/01/14 v3.01 Basic AMSFonts support
\@emptytoks=\toks17
\symAMSa=\mathgroup4
\symAMSb=\mathgroup5
LaTeX Font Info:    Redeclaring math symbol \hbar on input line 98.
LaTeX Font Info:    Overwriting math alphabet `\mathfrak' in version `bold'
(Font)                  U/euf/m/n --> U/euf/b/n on input line 106.
))
(/usr/share/texlive/texmf-dist/tex/latex/amsmath/amsmath.sty
Package: amsmath 2020/01/20 v2.17e AMS math features
\@mathmargin=\skip49

For additional information on amsmath, use the `?' option.
(/usr/share/texlive/texmf-dist/tex/latex/amsmath/amstext.sty
Package: amstext 2000/06/29 v2.01 AMS text

(/usr/share/texlive/texmf-dist/tex/latex/amsmath/amsgen.sty
File: amsgen.sty 1999/11/30 v2.0 generic functions
\@emptytoks=\toks18
\ex@=\dimen136
))
(/usr/share/texlive/texmf-dist/tex/latex/amsmath/amsbsy.sty
Package: amsbsy 1999/11/29 v1.2d Bold Symbols
\pmbraise@=\dimen137
)
(/usr/share/texlive/texmf-dist/tex/latex/amsmath/amsopn.sty
Package: amsopn 2016/03/08 v2.02 operator names
)
\inf@bad=\count178
LaTeX Info: Redefining \frac on input line 227.
\uproot@=\count179
\leftroot@=\count180
LaTeX Info: Redefining \overline on input line 389.
\classnum@=\count181
\DOTSCASE@=\count182
LaTeX Info: Redefining \ldots on input line 486.
LaTeX Info: Redefining \dots on input line 489.
LaTeX Info: Redefining \cdots on input line 610.
\Mathstrutbox@=\box45
\strutbox@=\box46
\big@size=\dimen138
LaTeX Font Info:    Redeclaring font encoding OML on input line 733.
LaTeX Font Info:    Redeclaring font encoding OMS on input line 734.
\macc@depth=\count183
\c@MaxMatrixCols=\count184
\dotsspace@=\muskip16
\c@parentequation=\count185
\dspbrk@lvl=\count186
\tag@help=\toks19
\row@=\count187
\column@=\count188
\maxfields@=\count189
\andhelp@=\toks20
\eqnshift@=\dimen139
\alignsep@=\dimen140
\tagshift@=\dimen141
\tagwidth@=\dimen142
\totwidth@=\dimen143
\lineht@=\dimen144
\@envbody=\toks21
\multlinegap=\skip50
\multlinetaggap=\skip51
\mathdisplay@stack=\toks22
LaTeX Info: Redefining \[ on input line 2859.
LaTeX Info: Redefining \] on input line 2860.
)
(/usr/share/texlive/texmf-dist/tex/latex/wasysym/wasysym.sty
Package: wasysym 2020/01/19 v2.4 Wasy-2 symbol support package
\symwasy=\mathgroup6
LaTeX Font Info:    Overwriting symbol font `wasy' in version `bold'
(Font)                  U/wasy/m/n --> U/wasy/b/n on input line 93.
)
(/usr/share/texlive/texmf-dist/tex/latex/multirow/multirow.sty
Package: multirow 2019/05/31 v2.5 Span multiple rows of a table
\multirow@colwidth=\skip52
\multirow@cntb=\count190
\multirow@dima=\skip53
\bigstrutjot=\dimen145
)
(/usr/share/texlive/texmf-dist/tex/latex/graphics/graphicx.sty
Package: graphicx 2019/11/30 v1.2a Enhanced LaTeX Graphics (DPC,SPQR)

(/usr/share/texlive/texmf-dist/tex/latex/graphics/keyval.sty
Package: keyval 2014/10/28 v1.15 key=value parser (DPC)
\KV@toks@=\toks23
)
(/usr/share/texlive/texmf-dist/tex/latex/graphics/graphics.sty
Package: graphics 2019/11/30 v1.4a Standard LaTeX Graphics (DPC,SPQR)

(/usr/share/texlive/texmf-dist/tex/latex/graphics/trig.sty
Package: trig 2016/01/03 v1.10 sin cos tan (DPC)
)
(/usr/share/texlive/texmf-dist/tex/latex/graphics-cfg/graphics.cfg
File: graphics.cfg 2016/06/04 v1.11 sample graphics configuration
)
Package graphics Info: Driver file: pdftex.def on input line 105.

(/usr/share/texlive/texmf-dist/tex/latex/graphics-def/pdftex.def
File: pdftex.def 2018/01/08 v1.0l Graphics/color driver for pdftex
))
\Gin@req@height=\dimen146
\Gin@req@width=\dimen147
)
(/usr/share/texlive/texmf-dist/tex/latex/hyperref/hyperref.sty
Package: hyperref 2020/01/14 v7.00d Hypertext links for LaTeX

(/usr/share/texlive/texmf-dist/tex/generic/ltxcmds/ltxcmds.sty
Package: ltxcmds 2019/12/15 v1.24 LaTeX kernel commands for general use (HO)
)
(/usr/share/texlive/texmf-dist/tex/generic/iftex/iftex.sty
Package: iftex 2019/11/07 v1.0c TeX engine tests
)
(/usr/share/texlive/texmf-dist/tex/latex/pdftexcmds/pdftexcmds.sty
Package: pdftexcmds 2019/11/24 v0.31 Utility functions of pdfTeX for LuaTeX (HO
)

(/usr/share/texlive/texmf-dist/tex/generic/infwarerr/infwarerr.sty
Package: infwarerr 2019/12/03 v1.5 Providing info/warning/error messages (HO)
)
Package pdftexcmds Info: \pdf@primitive is available.
Package pdftexcmds Info: \pdf@ifprimitive is available.
Package pdftexcmds Info: \pdfdraftmode found.
)
(/usr/share/texlive/texmf-dist/tex/generic/kvsetkeys/kvsetkeys.sty
Package: kvsetkeys 2019/12/15 v1.18 Key value parser (HO)
)
(/usr/share/texlive/texmf-dist/tex/generic/kvdefinekeys/kvdefinekeys.sty
Package: kvdefinekeys 2019-12-19 v1.6 Define keys (HO)
)
(/usr/share/texlive/texmf-dist/tex/generic/pdfescape/pdfescape.sty
Package: pdfescape 2019/12/09 v1.15 Implements pdfTeX's escape features (HO)
)
(/usr/share/texlive/texmf-dist/tex/latex/hycolor/hycolor.sty
Package: hycolor 2020-01-27 v1.10 Color options for hyperref/bookmark (HO)
)
(/usr/share/texlive/texmf-dist/tex/latex/letltxmacro/letltxmacro.sty
Package: letltxmacro 2019/12/03 v1.6 Let assignment for LaTeX macros (HO)
)
(/usr/share/texlive/texmf-dist/tex/latex/auxhook/auxhook.sty
Package: auxhook 2019-12-17 v1.6 Hooks for auxiliary files (HO)
)
(/usr/share/texlive/texmf-dist/tex/latex/kvoptions/kvoptions.sty
Package: kvoptions 2019/11/29 v3.13 Key value format for package options (HO)
)
\@linkdim=\dimen148
\Hy@linkcounter=\count191
\Hy@pagecounter=\count192

(/usr/share/texlive/texmf-dist/tex/latex/hyperref/pd1enc.def
File: pd1enc.def 2020/01/14 v7.00d Hyperref: PDFDocEncoding definition (HO)
Now handling font encoding PD1 ...
... no UTF-8 mapping file for font encoding PD1
)
(/usr/share/texlive/texmf-dist/tex/generic/intcalc/intcalc.sty
Package: intcalc 2019/12/15 v1.3 Expandable calculations with integers (HO)
)
(/usr/share/texlive/texmf-dist/tex/generic/etexcmds/etexcmds.sty
Package: etexcmds 2019/12/15 v1.7 Avoid name clashes with e-TeX commands (HO)
)
\Hy@SavedSpaceFactor=\count193
\pdfmajorversion=\count194
Package hyperref Info: Hyper figures OFF on input line 4547.
Package hyperref Info: Link nesting OFF on input line 4552.
Package hyperref Info: Hyper index ON on input line 4555.
Package hyperref Info: Plain pages OFF on input line 4562.
Package hyperref Info: Backreferencing OFF on input line 4567.
Package hyperref Info: Implicit mode ON; LaTeX internals redefined.
Package hyperref Info: Bookmarks ON on input line 4800.
\c@Hy@tempcnt=\count195

(/usr/share/texlive/texmf-dist/tex/latex/url/url.sty
\Urlmuskip=\muskip17
Package: url 2013/09/16  ver 3.4  Verb mode for urls, etc.
)
LaTeX Info: Redefining \url on input line 5159.
\XeTeXLinkMargin=\dimen149

(/usr/share/texlive/texmf-dist/tex/generic/bitset/bitset.sty
Package: bitset 2019/12/09 v1.3 Handle bit-vector datatype (HO)

(/usr/share/texlive/texmf-dist/tex/generic/bigintcalc/bigintcalc.sty
Package: bigintcalc 2019/12/15 v1.5 Expandable calculations on big integers (HO
)
))
\Fld@menulength=\count196
\Field@Width=\dimen150
\Fld@charsize=\dimen151
Package hyperref Info: Hyper figures OFF on input line 6430.
Package hyperref Info: Link nesting OFF on input line 6435.
Package hyperref Info: Hyper index ON on input line 6438.
Package hyperref Info: backreferencing OFF on input line 6445.
Package hyperref Info: Link coloring OFF on input line 6450.
Package hyperref Info: Link coloring with OCG OFF on input line 6455.
Package hyperref Info: PDF/A mode OFF on input line 6460.
LaTeX Info: Redefining \ref on input line 6500.
LaTeX Info: Redefining \pageref on input line 6504.

(/usr/share/texlive/texmf-dist/tex/generic/atbegshi/atbegshi.sty
Package: atbegshi 2019/12/05 v1.19 At begin shipout hook (HO)
)
\Hy@abspage=\count197
\c@Item=\count198
\c@Hfootnote=\count199
)
Package hyperref Info: Driver (autodetected): hpdftex.

(/usr/share/texlive/texmf-dist/tex/latex/hyperref/hpdftex.def
File: hpdftex.def 2020/01/14 v7.00d Hyperref driver for pdfTeX

(/usr/share/texlive/texmf-dist/tex/latex/atveryend/atveryend.sty
Package: atveryend 2019-12-11 v1.11 Hooks at the very end of document (HO)
Package atveryend Info: \enddocument detected (standard20110627).
)
\Fld@listcount=\count266
\c@bookmark@seq@number=\count267

(/usr/share/texlive/texmf-dist/tex/latex/rerunfilecheck/rerunfilecheck.sty
Package: rerunfilecheck 2019/12/05 v1.9 Rerun checks for auxiliary files (HO)

(/usr/share/texlive/texmf-dist/tex/generic/uniquecounter/uniquecounter.sty
Package: uniquecounter 2019/12/15 v1.4 Provide unlimited unique counter (HO)
)
Package uniquecounter Info: New unique counter `rerunfilecheck' on input line 2
86.
)
\Hy@SectionHShift=\skip54
)
(/usr/share/texlive/texmf-dist/tex/latex/l3backend/l3backend-pdfmode.def
File: l3backend-pdfmode.def 2020-02-03 L3 backend support: PDF mode
\l__kernel_color_stack_int=\count268
\l__pdf_internal_box=\box47
)
(./ReporteP5.aux
LaTeX Info: Redefining \. on input line 24.
LaTeX Info: Redefining \% on input line 24.
)
\openout1 = `ReporteP5.aux'.

LaTeX Font Info:    Checking defaults for OML/cmm/m/it on input line 11.
LaTeX Font Info:    ... okay on input line 11.
LaTeX Font Info:    Checking defaults for OMS/cmsy/m/n on input line 11.
LaTeX Font Info:    ... okay on input line 11.
LaTeX Font Info:    Checking defaults for OT1/cmr/m/n on input line 11.
LaTeX Font Info:    ... okay on input line 11.
LaTeX Font Info:    Checking defaults for T1/cmr/m/n on input line 11.
LaTeX Font Info:    ... okay on input line 11.
LaTeX Font Info:    Checking defaults for TS1/cmr/m/n on input line 11.
LaTeX Font Info:    ... okay on input line 11.
LaTeX Font Info:    Checking defaults for OMX/cmex/m/n on input line 11.
LaTeX Font Info:    ... okay on input line 11.
LaTeX Font Info:    Checking defaults for U/cmr/m/n on input line 11.
LaTeX Font Info:    ... okay on input line 11.
LaTeX Font Info:    Checking defaults for PD1/pdf/m/n on input line 11.
LaTeX Font Info:    ... okay on input line 11.
LaTeX Info: Redefining \. on input line 11.
LaTeX Info: Redefining \% on input line 11.

(/usr/share/texlive/texmf-dist/tex/context/base/mkii/supp-pdf.mkii
[Loading MPS to PDF converter (version 2006.09.02).]
\scratchcounter=\count269
\scratchdimen=\dimen152
\scratchbox=\box48
\nofMPsegments=\count270
\nofMParguments=\count271
\everyMPshowfont=\toks24
\MPscratchCnt=\count272
\MPscratchDim=\dimen153
\MPnumerator=\count273
\makeMPintoPDFobject=\count274
\everyMPtoPDFconversion=\toks25
) (/usr/share/texlive/texmf-dist/tex/latex/epstopdf-pkg/epstopdf-base.sty
Package: epstopdf-base 2020-01-24 v2.11 Base part for package epstopdf
Package epstopdf-base Info: Redefining graphics rule for `.eps' on input line 4
85.

(/usr/share/texlive/texmf-dist/tex/latex/latexconfig/epstopdf-sys.cfg
File: epstopdf-sys.cfg 2010/07/13 v1.3 Configuration of (r)epstopdf for TeX Liv
e
))
\AtBeginShipoutBox=\box49
Package hyperref Info: Link coloring OFF on input line 11.

(/usr/share/texlive/texmf-dist/tex/latex/hyperref/nameref.sty
Package: nameref 2019/09/16 v2.46 Cross-referencing by name of section

(/usr/share/texlive/texmf-dist/tex/latex/refcount/refcount.sty
Package: refcount 2019/12/15 v3.6 Data extraction from label references (HO)
)
(/usr/share/texlive/texmf-dist/tex/generic/gettitlestring/gettitlestring.sty
Package: gettitlestring 2019/12/15 v1.6 Cleanup title references (HO)
)
\c@section@level=\count275
)
LaTeX Info: Redefining \ref on input line 11.
LaTeX Info: Redefining \pageref on input line 11.
LaTeX Info: Redefining \nameref on input line 11.

(./ReporteP5.out) (./ReporteP5.out)
\@outlinefile=\write3
\openout3 = `ReporteP5.out'.

LaTeX Font Info:    Trying to load font information for U+msa on input line 13.


(/usr/share/texlive/texmf-dist/tex/latex/amsfonts/umsa.fd
File: umsa.fd 2013/01/14 v3.01 AMS symbols A
)
LaTeX Font Info:    Trying to load font information for U+msb on input line 13.


(/usr/share/texlive/texmf-dist/tex/latex/amsfonts/umsb.fd
File: umsb.fd 2013/01/14 v3.01 AMS symbols B
)
LaTeX Font Info:    Trying to load font information for U+wasy on input line 13
.

(/usr/share/texlive/texmf-dist/tex/latex/wasysym/uwasy.fd
File: uwasy.fd 2020/01/19 v2.4 Wasy-2 symbol font definitions
)
<imagenes/1.png, id=20, 888.31876pt x 553.06625pt>
File: imagenes/1.png Graphic file (type png)
<use imagenes/1.png>
Package pdftex.def Info: imagenes/1.png  used on input line 23.
(pdftex.def)             Requested size: 266.49768pt x 165.92114pt.
<imagenes/2.png, id=22, 889.3225pt x 548.0475pt>
File: imagenes/2.png Graphic file (type png)
<use imagenes/2.png>
Package pdftex.def Info: imagenes/2.png  used on input line 25.
(pdftex.def)             Requested size: 266.7988pt x 164.41551pt.
 [1

{/var/lib/texmf/fonts/map/pdftex/updmap/pdftex.map} <./imagenes/1.png>]
<imagenes/3.png, id=33, 889.3225pt x 550.055pt>
File: imagenes/3.png Graphic file (type png)
<use imagenes/3.png>
Package pdftex.def Info: imagenes/3.png  used on input line 27.
(pdftex.def)             Requested size: 266.7988pt x 165.01776pt.
<imagenes/4.png, id=34, 849.1725pt x 552.0625pt>
File: imagenes/4.png Graphic file (type png)
<use imagenes/4.png>
Package pdftex.def Info: imagenes/4.png  used on input line 33.
(pdftex.def)             Requested size: 254.75371pt x 165.62003pt.

Overfull \hbox (6.7017pt too wide) in paragraph at lines 36--37
[]\OT1/cmr/m/n/10 Agregar un smartp-ho-ne. Co-nec-tar la lap-top y el smartp-ho
-ne a la red inal^^Sambri-
 []

[2 <./imagenes/2.png> <./imagenes/3.png> <./imagenes/4.png>]
<imagenes/5.png, id=42, 849.1725pt x 593.21625pt>
File: imagenes/5.png Graphic file (type png)
<use imagenes/5.png>
Package pdftex.def Info: imagenes/5.png  used on input line 39.
(pdftex.def)             Requested size: 254.75371pt x 177.96625pt.
<imagenes/6.png, id=43, 851.18pt x 594.22pt>
File: imagenes/6.png Graphic file (type png)
<use imagenes/6.png>
Package pdftex.def Info: imagenes/6.png  used on input line 41.
(pdftex.def)             Requested size: 255.35596pt x 178.26736pt.
<imagenes/7.png, id=44, 548.0475pt x 474.77374pt>
File: imagenes/7.png Graphic file (type png)
<use imagenes/7.png>
Package pdftex.def Info: imagenes/7.png  used on input line 58.
(pdftex.def)             Requested size: 164.41551pt x 142.43321pt.
 [3 <./imagenes/5.png> <./imagenes/6.png>]
<imagenes/8.png, id=51, 555.07375pt x 469.755pt>
File: imagenes/8.png Graphic file (type png)
<use imagenes/8.png>
Package pdftex.def Info: imagenes/8.png  used on input line 60.
(pdftex.def)             Requested size: 166.52339pt x 140.92758pt.
<imagenes/9.png, id=52, 828.09375pt x 514.92375pt>
File: imagenes/9.png Graphic file (type png)
<use imagenes/9.png>
Package pdftex.def Info: imagenes/9.png  used on input line 66.
(pdftex.def)             Requested size: 248.43004pt x 154.4783pt.
<imagenes/10.png, id=53, 749.80125pt x 472.76625pt>
File: imagenes/10.png Graphic file (type png)
<use imagenes/10.png>
Package pdftex.def Info: imagenes/10.png  used on input line 81.
(pdftex.def)             Requested size: 224.94211pt x 141.83096pt.
 [4 <./imagenes/7.png> <./imagenes/8.png> <./imagenes/9.png>]
<imagenes/11.png, id=61, 699.61375pt x 483.8075pt>
File: imagenes/11.png Graphic file (type png)
<use imagenes/11.png>
Package pdftex.def Info: imagenes/11.png  used on input line 83.
(pdftex.def)             Requested size: 209.88574pt x 145.14337pt.
<imagenes/12.png, id=62, 842.14626pt x 512.91624pt>
File: imagenes/12.png Graphic file (type png)
<use imagenes/12.png>
Package pdftex.def Info: imagenes/12.png  used on input line 98.
(pdftex.def)             Requested size: 252.64583pt x 153.87605pt.
<imagenes/13.png, id=63, 446.66875pt x 426.59375pt>
File: imagenes/13.png Graphic file (type png)
<use imagenes/13.png>
Package pdftex.def Info: imagenes/13.png  used on input line 104.
(pdftex.def)             Requested size: 134.00165pt x 127.97911pt.
 [5 <./imagenes/10.png> <./imagenes/11.png> <./imagenes/12.png>]
<imagenes/14.png, id=72, 850.17625pt x 547.04375pt>
File: imagenes/14.png Graphic file (type png)
<use imagenes/14.png>
Package pdftex.def Info: imagenes/14.png  used on input line 110.
(pdftex.def)             Requested size: 255.05484pt x 164.11438pt.

Overfull \hbox (11.39737pt too wide) in paragraph at lines 113--114
[]\OT1/cmr/m/n/10 Se abre un \OT1/cmr/m/it/10 Com-mand prompt \OT1/cmr/m/n/10 y
 se ha-ce una con-sul-ta a \OT1/cmtt/m/n/10 www.fciencias.unam.mx
 []

<imagenes/15.png, id=73, 843.15pt x 516.93124pt>
File: imagenes/15.png Graphic file (type png)
<use imagenes/15.png>
Package pdftex.def Info: imagenes/15.png  used on input line 116.
(pdftex.def)             Requested size: 252.94695pt x 155.08057pt.
[6 <./imagenes/13.png> <./imagenes/14.png> <./imagenes/15.png>]
<imagenes/16.png, id=83, 670.505pt x 478.78876pt>
File: imagenes/16.png Graphic file (type png)
<use imagenes/16.png>
Package pdftex.def Info: imagenes/16.png  used on input line 143.
(pdftex.def)             Requested size: 201.15305pt x 143.63773pt.
<imagenes/17.png, id=84, 664.4825pt x 461.725pt>
File: imagenes/17.png Graphic file (type png)
<use imagenes/17.png>
Package pdftex.def Info: imagenes/17.png  used on input line 145.
(pdftex.def)             Requested size: 199.34628pt x 138.51857pt.
<imagenes/18.png, id=85, 975.645pt x 506.89375pt>
File: imagenes/18.png Graphic file (type png)
<use imagenes/18.png>
Package pdftex.def Info: imagenes/18.png  used on input line 147.
(pdftex.def)             Requested size: 292.69576pt x 152.06929pt.
 [7 <./imagenes/16.png> <./imagenes/17.png>]
<imagenes/19.png, id=93, 555.07375pt x 494.84875pt>
File: imagenes/19.png Graphic file (type png)
<use imagenes/19.png>
Package pdftex.def Info: imagenes/19.png  used on input line 163.
(pdftex.def)             Requested size: 166.52339pt x 148.45576pt.
<imagenes/20.png, id=94, 548.0475pt x 545.03625pt>
File: imagenes/20.png Graphic file (type png)
<use imagenes/20.png>
Package pdftex.def Info: imagenes/20.png  used on input line 165.
(pdftex.def)             Requested size: 164.41551pt x 163.51213pt.
 [8 <./imagenes/18.png> <./imagenes/19.png> <./imagenes/20.png>]
<imagenes/21.png, id=102, 553.06625pt x 502.87875pt>
File: imagenes/21.png Graphic file (type png)
<use imagenes/21.png>
Package pdftex.def Info: imagenes/21.png  used on input line 173.
(pdftex.def)             Requested size: 165.92114pt x 150.86478pt.
<imagenes/24.png, id=103, 633.36626pt x 480.79625pt>
File: imagenes/24.png Graphic file (type png)
<use imagenes/24.png>
Package pdftex.def Info: imagenes/24.png  used on input line 179.
(pdftex.def)             Requested size: 190.01134pt x 144.23997pt.
<imagenes/25.png, id=104, 634.37pt x 589.20125pt>
File: imagenes/25.png Graphic file (type png)
<use imagenes/25.png>
Package pdftex.def Info: imagenes/25.png  used on input line 181.
(pdftex.def)             Requested size: 190.31245pt x 176.76173pt.
 [9 <./imagenes/21.png> <./imagenes/24.png>]
Overfull \hbox (28.74838pt too wide) in paragraph at lines 184--185
[]\OT1/cmr/m/n/10 Se pue-de com-pro-bar la con-fi-gu-ra-ci^^Son in-gre-san-do a
 la URL \OT1/cmtt/m/n/10 www.fciencias.unam.mx
 []

<imagenes/26.png, id=111, 854.19125pt x 525.965pt>
File: imagenes/26.png Graphic file (type png)
<use imagenes/26.png>
Package pdftex.def Info: imagenes/26.png  used on input line 187.
(pdftex.def)             Requested size: 256.25935pt x 157.79071pt.
<imagenes/27.png, id=112, 843.15pt x 487.8225pt>
File: imagenes/27.png Graphic file (type png)
<use imagenes/27.png>
Package pdftex.def Info: imagenes/27.png  used on input line 193.
(pdftex.def)             Requested size: 252.94695pt x 146.34787pt.
[10 <./imagenes/25.png> <./imagenes/26.png>]
Overfull \hbox (72.14221pt too wide) in paragraph at lines 201--207
 [] 
 []

<imagenes/28.png, id=119, 850.17625pt x 551.05875pt>
File: imagenes/28.png Graphic file (type png)
<use imagenes/28.png>
Package pdftex.def Info: imagenes/28.png  used on input line 210.
(pdftex.def)             Requested size: 255.05484pt x 165.3189pt.
<imagenes/29.png, id=120, 849.1725pt x 489.83pt>
File: imagenes/29.png Graphic file (type png)
<use imagenes/29.png>
Package pdftex.def Info: imagenes/29.png  used on input line 212.
(pdftex.def)             Requested size: 254.75371pt x 146.95012pt.
[11 <./imagenes/27.png> <./imagenes/28.png>]
<imagenes/30.png, id=127, 853.1875pt x 489.83pt>
File: imagenes/30.png Graphic file (type png)
<use imagenes/30.png>
Package pdftex.def Info: imagenes/30.png  used on input line 214.
(pdftex.def)             Requested size: 255.95822pt x 146.95012pt.
<imagenes/31.png, id=128, 843.15pt x 484.81125pt>
File: imagenes/31.png Graphic file (type png)
<use imagenes/31.png>
Package pdftex.def Info: imagenes/31.png  used on input line 216.
(pdftex.def)             Requested size: 252.94695pt x 145.44449pt.

Overfull \hbox (27.50099pt too wide) in paragraph at lines 222--229
 [] 
 []

<imagenes/32.png, id=129, 844.15375pt x 497.86pt>
File: imagenes/32.png Graphic file (type png)
<use imagenes/32.png>
Package pdftex.def Info: imagenes/32.png  used on input line 232.
(pdftex.def)             Requested size: 253.24808pt x 149.35915pt.
[12 <./imagenes/29.png> <./imagenes/30.png> <./imagenes/31.png>]
<imagenes/33.png, id=137, 844.15375pt x 477.785pt>
File: imagenes/33.png Graphic file (type png)
<use imagenes/33.png>
Package pdftex.def Info: imagenes/33.png  used on input line 234.
(pdftex.def)             Requested size: 253.24808pt x 143.3366pt.
<imagenes/34.png, id=138, 844.15375pt x 484.81125pt>
File: imagenes/34.png Graphic file (type png)
<use imagenes/34.png>
Package pdftex.def Info: imagenes/34.png  used on input line 236.
(pdftex.def)             Requested size: 253.24808pt x 145.44449pt.
<imagenes/35.png, id=139, 839.135pt x 489.83pt>
File: imagenes/35.png Graphic file (type png)
<use imagenes/35.png>
Package pdftex.def Info: imagenes/35.png  used on input line 238.
(pdftex.def)             Requested size: 251.74243pt x 146.95012pt.
 [13 <./imagenes/32.png> <./imagenes/33.png> <./imagenes/34.png>]
<imagenes/36.png, id=148, 844.15375pt x 471.7625pt>
File: imagenes/36.png Graphic file (type png)
<use imagenes/36.png>
Package pdftex.def Info: imagenes/36.png  used on input line 240.
(pdftex.def)             Requested size: 253.24808pt x 141.52983pt.
 [14 <./imagenes/35.png> <./imagenes/36.png>]
<imagenes/37.png, id=156, 998.73125pt x 677.53125pt>
File: imagenes/37.png Graphic file (type png)
<use imagenes/37.png>
Package pdftex.def Info: imagenes/37.png  used on input line 288.
(pdftex.def)             Requested size: 299.62169pt x 203.26094pt.
<imagenes/38.png, id=157, 849.1725pt x 634.37pt>
File: imagenes/38.png Graphic file (type png)
<use imagenes/38.png>
Package pdftex.def Info: imagenes/38.png  used on input line 327.
(pdftex.def)             Requested size: 254.75371pt x 190.31245pt.
 [15 <./imagenes/37.png>]
<imagenes/39.png, id=163, 553.06625pt x 366.36874pt>
File: imagenes/39.png Graphic file (type png)
<use imagenes/39.png>
Package pdftex.def Info: imagenes/39.png  used on input line 344.
(pdftex.def)             Requested size: 165.92114pt x 109.91147pt.
<imagenes/40.png, id=164, 552.0625pt x 353.32pt>
File: imagenes/40.png Graphic file (type png)
<use imagenes/40.png>
Package pdftex.def Info: imagenes/40.png  used on input line 346.
(pdftex.def)             Requested size: 165.62003pt x 105.99681pt.
<imagenes/41.png, id=165, 551.05875pt x 376.40625pt>
File: imagenes/41.png Graphic file (type png)
<use imagenes/41.png>
Package pdftex.def Info: imagenes/41.png  used on input line 348.
(pdftex.def)             Requested size: 165.3189pt x 112.92273pt.
 [16 <./imagenes/38.png> <./imagenes/39.png> <./imagenes/40.png>]
<imagenes/42.png, id=173, 558.085pt x 384.43625pt>
File: imagenes/42.png Graphic file (type png)
<use imagenes/42.png>
Package pdftex.def Info: imagenes/42.png  used on input line 350.
(pdftex.def)             Requested size: 167.42679pt x 115.33176pt.
<imagenes/43.png, id=174, 555.07375pt x 506.89375pt>
File: imagenes/43.png Graphic file (type png)
<use imagenes/43.png>
Package pdftex.def Info: imagenes/43.png  used on input line 358.
(pdftex.def)             Requested size: 166.52339pt x 152.06929pt.
<imagenes/44.png, id=175, 706.64pt x 555.07375pt>
File: imagenes/44.png Graphic file (type png)
<use imagenes/44.png>
Package pdftex.def Info: imagenes/44.png  used on input line 360.
(pdftex.def)             Requested size: 211.99364pt x 166.52339pt.
 [17 <./imagenes/41.png> <./imagenes/42.png> <./imagenes/43.png>]
<imagenes/45.png, id=183, 556.0775pt x 660.4675pt>
File: imagenes/45.png Graphic file (type png)
<use imagenes/45.png>
Package pdftex.def Info: imagenes/45.png  used on input line 366.
(pdftex.def)             Requested size: 166.82454pt x 198.14177pt.
<imagenes/46.png, id=184, 555.07375pt x 596.2275pt>
File: imagenes/46.png Graphic file (type png)
<use imagenes/46.png>
Package pdftex.def Info: imagenes/46.png  used on input line 372.
(pdftex.def)             Requested size: 166.52339pt x 178.86963pt.
 [18 <./imagenes/44.png> <./imagenes/45.png>]
<imagenes/47.png, id=191, 849.1725pt x 553.06625pt>
File: imagenes/47.png Graphic file (type png)
<use imagenes/47.png>
Package pdftex.def Info: imagenes/47.png  used on input line 378.
(pdftex.def)             Requested size: 254.75371pt x 165.92114pt.
<imagenes/48.png, id=192, 853.1875pt x 546.04pt>
File: imagenes/48.png Graphic file (type png)
<use imagenes/48.png>
Package pdftex.def Info: imagenes/48.png  used on input line 380.
(pdftex.def)             Requested size: 255.95822pt x 163.81326pt.
 [19 <./imagenes/46.png> <./imagenes/47.png> <./imagenes/48.png>]
<imagenes/49.png, id=201, 553.06625pt x 594.22pt>
File: imagenes/49.png Graphic file (type png)
<use imagenes/49.png>
Package pdftex.def Info: imagenes/49.png  used on input line 386.
(pdftex.def)             Requested size: 165.92114pt x 178.26736pt.
<imagenes/50.png, id=202, 554.07pt x 527.9725pt>
File: imagenes/50.png Graphic file (type png)
<use imagenes/50.png>
Package pdftex.def Info: imagenes/50.png  used on input line 388.
(pdftex.def)             Requested size: 166.22227pt x 158.39296pt.
<imagenes/51.png, id=203, 556.0775pt x 625.33624pt>
File: imagenes/51.png Graphic file (type png)
<use imagenes/51.png>
Package pdftex.def Info: imagenes/51.png  used on input line 390.
(pdftex.def)             Requested size: 166.82454pt x 187.60231pt.
 [20 <./imagenes/49.png> <./imagenes/50.png>]
<imagenes/52.png, id=210, 850.17625pt x 517.935pt>
File: imagenes/52.png Graphic file (type png)
<use imagenes/52.png>
Package pdftex.def Info: imagenes/52.png  used on input line 396.
(pdftex.def)             Requested size: 255.05484pt x 155.38168pt.
<imagenes/53.png, id=211, 561.09625pt x 501.875pt>
File: imagenes/53.png Graphic file (type png)
<use imagenes/53.png>
Package pdftex.def Info: imagenes/53.png  used on input line 402.
(pdftex.def)             Requested size: 168.33017pt x 150.56366pt.
 [21 <./imagenes/51.png> <./imagenes/52.png>]
<imagenes/54.png, id=218, 562.1pt x 502.87875pt>
File: imagenes/54.png Graphic file (type png)
<use imagenes/54.png>
Package pdftex.def Info: imagenes/54.png  used on input line 404.
(pdftex.def)             Requested size: 168.6313pt x 150.86478pt.
<imagenes/55.png, id=219, 1251.67625pt x 439.6425pt>
File: imagenes/55.png Graphic file (type png)
<use imagenes/55.png>
Package pdftex.def Info: imagenes/55.png  used on input line 410.
(pdftex.def)             Requested size: 375.50577pt x 131.89375pt.

Overfull \hbox (30.50577pt too wide) in paragraph at lines 410--411
 [] 
 []

[22 <./imagenes/53.png> <./imagenes/54.png> <./imagenes/55.png>] [23] [24]
Package atveryend Info: Empty hook `BeforeClearDocument' on input line 506.

[25]
Package atveryend Info: Empty hook `AfterLastShipout' on input line 506.
 (./ReporteP5.aux
LaTeX Info: Redefining \. on input line 24.
LaTeX Info: Redefining \% on input line 24.
)
Package atveryend Info: Executing hook `AtVeryEndDocument' on input line 506.
Package atveryend Info: Executing hook `AtEndAfterFileList' on input line 506.
Package rerunfilecheck Info: File `ReporteP5.out' has not changed.
(rerunfilecheck)             Checksum: 54FBCE3879E69C97F07695C6F888E9C6;239.
Package atveryend Info: Empty hook `AtVeryVeryEnd' on input line 506.
 ) 
Here is how much of TeX's memory you used:
 8016 strings out of 481239
 116040 string characters out of 5920377
 382058 words of memory out of 5000000
 23057 multiletter control sequences out of 15000+600000
 542365 words of font info for 64 fonts, out of 8000000 for 9000
 1141 hyphenation exceptions out of 8191
 34i,7n,35p,343b,421s stack positions out of 5000i,500n,10000p,200000b,80000s
{/usr/share/texmf/fonts/enc/dvips/cm-super/cm-super-ts1.enc}</usr/share/texli
ve/texmf-dist/fonts/type1/public/amsfonts/cm/cmbx10.pfb></usr/share/texlive/tex
mf-dist/fonts/type1/public/amsfonts/cm/cmbx12.pfb></usr/share/texlive/texmf-dis
t/fonts/type1/public/amsfonts/cm/cmmi10.pfb></usr/share/texlive/texmf-dist/font
s/type1/public/amsfonts/cm/cmr10.pfb></usr/share/texlive/texmf-dist/fonts/type1
/public/amsfonts/cm/cmr12.pfb></usr/share/texlive/texmf-dist/fonts/type1/public
/amsfonts/cm/cmr17.pfb></usr/share/texlive/texmf-dist/fonts/type1/public/amsfon
ts/cm/cmsy10.pfb></usr/share/texlive/texmf-dist/fonts/type1/public/amsfonts/cm/
cmti10.pfb></usr/share/texlive/texmf-dist/fonts/type1/public/amsfonts/cm/cmtt10
.pfb></usr/share/texmf/fonts/type1/public/cm-super/sfrm1000.pfb>
Output written on ReporteP5.pdf (25 pages, 2312641 bytes).
PDF statistics:
 285 PDF objects out of 1000 (max. 8388607)
 140 compressed objects within 2 object streams
 30 named destinations out of 1000 (max. 500000)
 298 words of extra memory for PDF output out of 10000 (max. 10000000)

