This is pdfTeX, Version 3.14159265-2.6-1.40.20 (TeX Live 2019/Debian) (preloaded format=pdflatex 2020.9.30)  17 OCT 2020 18:27
entering extended mode
 restricted \write18 enabled.
 %&-line parsing enabled.
**ReporteP2.tex
(./ReporteP2.tex
LaTeX2e <2020-02-02> patch level 2
L3 programming layer <2020-02-14>
(/usr/share/texlive/texmf-dist/tex/latex/base/article.cls
Document Class: article 2019/12/20 v1.4l Standard LaTeX document class
(/usr/share/texlive/texmf-dist/tex/latex/base/size10.clo
File: size10.clo 2019/12/20 v1.4l Standard LaTeX file (size option)
)
\c@part=\count167
\c@section=\count168
\c@subsection=\count169
\c@subsubsection=\count170
\c@paragraph=\count171
\c@subparagraph=\count172
\c@figure=\count173
\c@table=\count174
\abovecaptionskip=\skip47
\belowcaptionskip=\skip48
\bibindent=\dimen134
)
(/usr/share/texlive/texmf-dist/tex/generic/babel/babel.sty
Package: babel 2020/02/14 3.40 The Babel package

(/usr/share/texlive/texmf-dist/tex/generic/babel/switch.def
File: switch.def 2020/02/14 3.40 Babel switching mechanism
)
(/usr/share/texlive/texmf-dist/tex/generic/babel-spanish/spanish.ldf
Language: spanish.ldf 2016/03/03 v5.0p Spanish support from the babel system

(/usr/share/texlive/texmf-dist/tex/generic/babel/babel.def
File: babel.def 2020/02/14 3.40 Babel common definitions
\babel@savecnt=\count175
\U@D=\dimen135

(/usr/share/texlive/texmf-dist/tex/generic/babel/txtbabel.def)
\bbl@readstream=\read2
\bbl@dirlevel=\count176
)
\es@quottoks=\toks14
\es@quotdepth=\count177
Package babel Info: Making " an active character on input line 561.
Package babel Info: Making . an active character on input line 662.
Package babel Info: Making < an active character on input line 707.
Package babel Info: Making > an active character on input line 707.
))
(/usr/share/texlive/texmf-dist/tex/latex/base/inputenc.sty
Package: inputenc 2018/08/11 v1.3c Input encoding file
\inpenc@prehook=\toks15
\inpenc@posthook=\toks16
)
(/usr/share/texlive/texmf-dist/tex/latex/amsfonts/amssymb.sty
Package: amssymb 2013/01/14 v3.01 AMS font symbols

(/usr/share/texlive/texmf-dist/tex/latex/amsfonts/amsfonts.sty
Package: amsfonts 2013/01/14 v3.01 Basic AMSFonts support
\@emptytoks=\toks17
\symAMSa=\mathgroup4
\symAMSb=\mathgroup5
LaTeX Font Info:    Redeclaring math symbol \hbar on input line 98.
LaTeX Font Info:    Overwriting math alphabet `\mathfrak' in version `bold'
(Font)                  U/euf/m/n --> U/euf/b/n on input line 106.
))
(/usr/share/texlive/texmf-dist/tex/latex/amsmath/amsmath.sty
Package: amsmath 2020/01/20 v2.17e AMS math features
\@mathmargin=\skip49

For additional information on amsmath, use the `?' option.
(/usr/share/texlive/texmf-dist/tex/latex/amsmath/amstext.sty
Package: amstext 2000/06/29 v2.01 AMS text

(/usr/share/texlive/texmf-dist/tex/latex/amsmath/amsgen.sty
File: amsgen.sty 1999/11/30 v2.0 generic functions
\@emptytoks=\toks18
\ex@=\dimen136
))
(/usr/share/texlive/texmf-dist/tex/latex/amsmath/amsbsy.sty
Package: amsbsy 1999/11/29 v1.2d Bold Symbols
\pmbraise@=\dimen137
)
(/usr/share/texlive/texmf-dist/tex/latex/amsmath/amsopn.sty
Package: amsopn 2016/03/08 v2.02 operator names
)
\inf@bad=\count178
LaTeX Info: Redefining \frac on input line 227.
\uproot@=\count179
\leftroot@=\count180
LaTeX Info: Redefining \overline on input line 389.
\classnum@=\count181
\DOTSCASE@=\count182
LaTeX Info: Redefining \ldots on input line 486.
LaTeX Info: Redefining \dots on input line 489.
LaTeX Info: Redefining \cdots on input line 610.
\Mathstrutbox@=\box45
\strutbox@=\box46
\big@size=\dimen138
LaTeX Font Info:    Redeclaring font encoding OML on input line 733.
LaTeX Font Info:    Redeclaring font encoding OMS on input line 734.
\macc@depth=\count183
\c@MaxMatrixCols=\count184
\dotsspace@=\muskip16
\c@parentequation=\count185
\dspbrk@lvl=\count186
\tag@help=\toks19
\row@=\count187
\column@=\count188
\maxfields@=\count189
\andhelp@=\toks20
\eqnshift@=\dimen139
\alignsep@=\dimen140
\tagshift@=\dimen141
\tagwidth@=\dimen142
\totwidth@=\dimen143
\lineht@=\dimen144
\@envbody=\toks21
\multlinegap=\skip50
\multlinetaggap=\skip51
\mathdisplay@stack=\toks22
LaTeX Info: Redefining \[ on input line 2859.
LaTeX Info: Redefining \] on input line 2860.
)
(/usr/share/texlive/texmf-dist/tex/latex/wasysym/wasysym.sty
Package: wasysym 2020/01/19 v2.4 Wasy-2 symbol support package
\symwasy=\mathgroup6
LaTeX Font Info:    Overwriting symbol font `wasy' in version `bold'
(Font)                  U/wasy/m/n --> U/wasy/b/n on input line 93.
)
(/usr/share/texlive/texmf-dist/tex/latex/multirow/multirow.sty
Package: multirow 2019/05/31 v2.5 Span multiple rows of a table
\multirow@colwidth=\skip52
\multirow@cntb=\count190
\multirow@dima=\skip53
\bigstrutjot=\dimen145
)
(/usr/share/texlive/texmf-dist/tex/latex/graphics/graphicx.sty
Package: graphicx 2019/11/30 v1.2a Enhanced LaTeX Graphics (DPC,SPQR)

(/usr/share/texlive/texmf-dist/tex/latex/graphics/keyval.sty
Package: keyval 2014/10/28 v1.15 key=value parser (DPC)
\KV@toks@=\toks23
)
(/usr/share/texlive/texmf-dist/tex/latex/graphics/graphics.sty
Package: graphics 2019/11/30 v1.4a Standard LaTeX Graphics (DPC,SPQR)

(/usr/share/texlive/texmf-dist/tex/latex/graphics/trig.sty
Package: trig 2016/01/03 v1.10 sin cos tan (DPC)
)
(/usr/share/texlive/texmf-dist/tex/latex/graphics-cfg/graphics.cfg
File: graphics.cfg 2016/06/04 v1.11 sample graphics configuration
)
Package graphics Info: Driver file: pdftex.def on input line 105.

(/usr/share/texlive/texmf-dist/tex/latex/graphics-def/pdftex.def
File: pdftex.def 2018/01/08 v1.0l Graphics/color driver for pdftex
))
\Gin@req@height=\dimen146
\Gin@req@width=\dimen147
)
(/usr/share/texlive/texmf-dist/tex/latex/l3backend/l3backend-pdfmode.def
File: l3backend-pdfmode.def 2020-02-03 L3 backend support: PDF mode
\l__kernel_color_stack_int=\count191
\l__pdf_internal_box=\box47
)
(./ReporteP2.aux
LaTeX Info: Redefining \. on input line 7.
LaTeX Info: Redefining \% on input line 7.
)
\openout1 = `ReporteP2.aux'.

LaTeX Font Info:    Checking defaults for OML/cmm/m/it on input line 10.
LaTeX Font Info:    ... okay on input line 10.
LaTeX Font Info:    Checking defaults for OMS/cmsy/m/n on input line 10.
LaTeX Font Info:    ... okay on input line 10.
LaTeX Font Info:    Checking defaults for OT1/cmr/m/n on input line 10.
LaTeX Font Info:    ... okay on input line 10.
LaTeX Font Info:    Checking defaults for T1/cmr/m/n on input line 10.
LaTeX Font Info:    ... okay on input line 10.
LaTeX Font Info:    Checking defaults for TS1/cmr/m/n on input line 10.
LaTeX Font Info:    ... okay on input line 10.
LaTeX Font Info:    Checking defaults for OMX/cmex/m/n on input line 10.
LaTeX Font Info:    ... okay on input line 10.
LaTeX Font Info:    Checking defaults for U/cmr/m/n on input line 10.
LaTeX Font Info:    ... okay on input line 10.
LaTeX Info: Redefining \. on input line 10.
LaTeX Info: Redefining \% on input line 10.

(/usr/share/texlive/texmf-dist/tex/context/base/mkii/supp-pdf.mkii
[Loading MPS to PDF converter (version 2006.09.02).]
\scratchcounter=\count192
\scratchdimen=\dimen148
\scratchbox=\box48
\nofMPsegments=\count193
\nofMParguments=\count194
\everyMPshowfont=\toks24
\MPscratchCnt=\count195
\MPscratchDim=\dimen149
\MPnumerator=\count196
\makeMPintoPDFobject=\count197
\everyMPtoPDFconversion=\toks25
) (/usr/share/texlive/texmf-dist/tex/latex/epstopdf-pkg/epstopdf-base.sty
Package: epstopdf-base 2020-01-24 v2.11 Base part for package epstopdf
Package epstopdf-base Info: Redefining graphics rule for `.eps' on input line 4
85.

(/usr/share/texlive/texmf-dist/tex/latex/latexconfig/epstopdf-sys.cfg
File: epstopdf-sys.cfg 2010/07/13 v1.3 Configuration of (r)epstopdf for TeX Liv
e
))
LaTeX Font Info:    Trying to load font information for U+msa on input line 11.


(/usr/share/texlive/texmf-dist/tex/latex/amsfonts/umsa.fd
File: umsa.fd 2013/01/14 v3.01 AMS symbols A
)
LaTeX Font Info:    Trying to load font information for U+msb on input line 11.


(/usr/share/texlive/texmf-dist/tex/latex/amsfonts/umsb.fd
File: umsb.fd 2013/01/14 v3.01 AMS symbols B
)
LaTeX Font Info:    Trying to load font information for U+wasy on input line 11
.

(/usr/share/texlive/texmf-dist/tex/latex/wasysym/uwasy.fd
File: uwasy.fd 2020/01/19 v2.4 Wasy-2 symbol font definitions
)
<imagenes/paso1.png, id=1, 1065.9825pt x 433.62pt>
File: imagenes/paso1.png Graphic file (type png)
<use imagenes/paso1.png>
Package pdftex.def Info: imagenes/paso1.png  used on input line 17.
(pdftex.def)             Requested size: 345.0pt x 140.33595pt.

Overfull \hbox (15.0pt too wide) in paragraph at lines 17--18
[][] 
 []

<imagenes/paso2.png, id=3, 835.12pt x 516.93124pt>
File: imagenes/paso2.png Graphic file (type png)
<use imagenes/paso2.png>
Package pdftex.def Info: imagenes/paso2.png  used on input line 21.
(pdftex.def)             Requested size: 345.0pt x 213.55228pt.

Overfull \hbox (15.0pt too wide) in paragraph at lines 21--22
[][] 
 []

[1

{/var/lib/texmf/fonts/map/pdftex/updmap/pdftex.map} <./imagenes/paso1.png>]
<imagenes/paso3.png, id=14, 1369.115pt x 479.7925pt>
File: imagenes/paso3.png Graphic file (type png)
<use imagenes/paso3.png>
Package pdftex.def Info: imagenes/paso3.png  used on input line 25.
(pdftex.def)             Requested size: 345.0pt x 120.89955pt.

Overfull \hbox (15.0pt too wide) in paragraph at lines 25--26
[][] 
 []

<imagenes/paso4.png, id=15, 1366.10374pt x 486.81876pt>
File: imagenes/paso4.png Graphic file (type png)
<use imagenes/paso4.png>
Package pdftex.def Info: imagenes/paso4.png  used on input line 29.
(pdftex.def)             Requested size: 345.0pt x 122.93747pt.

Overfull \hbox (15.0pt too wide) in paragraph at lines 29--30
[][] 
 []

[2 <./imagenes/paso2.png> <./imagenes/paso3.png> <./imagenes/paso4.png>]
<imagenes/paso5.png, id=23, 1362.08875pt x 482.80376pt>
File: imagenes/paso5.png Graphic file (type png)
<use imagenes/paso5.png>
Package pdftex.def Info: imagenes/paso5.png  used on input line 33.
(pdftex.def)             Requested size: 345.0pt x 122.28455pt.

Overfull \hbox (15.0pt too wide) in paragraph at lines 33--34
[][] 
 []

<imagenes/paso6.png, id=24, 1368.11125pt x 480.79625pt>
File: imagenes/paso6.png Graphic file (type png)
<use imagenes/paso6.png>
Package pdftex.def Info: imagenes/paso6.png  used on input line 37.
(pdftex.def)             Requested size: 345.0pt x 121.24052pt.

Overfull \hbox (15.0pt too wide) in paragraph at lines 37--38
[][] 
 []

<imagenes/paso7.png, id=25, 1371.1225pt x 488.82625pt>
File: imagenes/paso7.png Graphic file (type png)
<use imagenes/paso7.png>
Package pdftex.def Info: imagenes/paso7.png  used on input line 41.
(pdftex.def)             Requested size: 345.0pt x 122.99689pt.

Overfull \hbox (15.0pt too wide) in paragraph at lines 41--42
[][] 
 []

<imagenes/paso8.png, id=26, 1371.1225pt x 482.80376pt>
File: imagenes/paso8.png Graphic file (type png)
<use imagenes/paso8.png>
Package pdftex.def Info: imagenes/paso8.png  used on input line 45.
(pdftex.def)             Requested size: 345.0pt x 121.48154pt.

Overfull \hbox (15.0pt too wide) in paragraph at lines 45--46
[][] 
 []

[3 <./imagenes/paso5.png> <./imagenes/paso6.png> <./imagenes/paso7.png>]
<imagenes/paso9.png, id=34, 1371.1225pt x 493.845pt>
File: imagenes/paso9.png Graphic file (type png)
<use imagenes/paso9.png>
Package pdftex.def Info: imagenes/paso9.png  used on input line 49.
(pdftex.def)             Requested size: 345.0pt x 124.25969pt.

Overfull \hbox (15.0pt too wide) in paragraph at lines 49--50
[][] 
 []

<imagenes/paso10.png, id=35, 706.64pt x 522.95375pt>
File: imagenes/paso10.png Graphic file (type png)
<use imagenes/paso10.png>
Package pdftex.def Info: imagenes/paso10.png  used on input line 53.
(pdftex.def)             Requested size: 345.0pt x 255.32394pt.

Overfull \hbox (15.0pt too wide) in paragraph at lines 53--54
[][] 
 []

[4 <./imagenes/paso8.png> <./imagenes/paso9.png> <./imagenes/paso10.png>]
<imagenes/paso11.png, id=42, 1371.1225pt x 298.11375pt>
File: imagenes/paso11.png Graphic file (type png)
<use imagenes/paso11.png>
Package pdftex.def Info: imagenes/paso11.png  used on input line 57.
(pdftex.def)             Requested size: 345.0pt x 75.01042pt.

Overfull \hbox (15.0pt too wide) in paragraph at lines 57--58
[][] 
 []

<imagenes/paso12.png, id=43, 1137.24875pt x 188.705pt>
File: imagenes/paso12.png Graphic file (type png)
<use imagenes/paso12.png>
Package pdftex.def Info: imagenes/paso12.png  used on input line 61.
(pdftex.def)             Requested size: 345.0pt x 57.24539pt.

Overfull \hbox (15.0pt too wide) in paragraph at lines 61--62
[][] 
 []

<imagenes/paso13.png, id=44, 508.90125pt x 168.63pt>
File: imagenes/paso13.png Graphic file (type png)
<use imagenes/paso13.png>
Package pdftex.def Info: imagenes/paso13.png  used on input line 65.
(pdftex.def)             Requested size: 345.0pt x 114.32465pt.

Overfull \hbox (15.0pt too wide) in paragraph at lines 65--66
[][] 
 []

<imagenes/paso14.png, id=45, 1045.9075pt x 418.56375pt>
File: imagenes/paso14.png Graphic file (type png)
<use imagenes/paso14.png>
Package pdftex.def Info: imagenes/paso14.png  used on input line 69.
(pdftex.def)             Requested size: 345.0pt x 138.06897pt.

Overfull \hbox (15.0pt too wide) in paragraph at lines 69--70
[][] 
 []

<imagenes/paso15.png, id=46, 804.00375pt x 506.89375pt>
File: imagenes/paso15.png Graphic file (type png)
<use imagenes/paso15.png>
Package pdftex.def Info: imagenes/paso15.png  used on input line 73.
(pdftex.def)             Requested size: 345.0pt x 217.50372pt.

Overfull \hbox (15.0pt too wide) in paragraph at lines 73--74
[][] 
 []

[5 <./imagenes/paso11.png> <./imagenes/paso12.png> <./imagenes/paso13.png> <./i
magenes/paso14.png>]
<imagenes/paso16.png, id=55, 1090.0725pt x 769.87625pt>
File: imagenes/paso16.png Graphic file (type png)
<use imagenes/paso16.png>
Package pdftex.def Info: imagenes/paso16.png  used on input line 77.
(pdftex.def)             Requested size: 345.0pt x 243.6518pt.

Overfull \hbox (15.0pt too wide) in paragraph at lines 77--78
[][] 
 []

<imagenes/paso17.png, id=56, 1273.75874pt x 157.58875pt>
File: imagenes/paso17.png Graphic file (type png)
<use imagenes/paso17.png>
Package pdftex.def Info: imagenes/paso17.png  used on input line 85.
(pdftex.def)             Requested size: 345.0pt x 42.68178pt.

Overfull \hbox (15.0pt too wide) in paragraph at lines 85--86
[][] 
 []

[6 <./imagenes/paso15.png> <./imagenes/paso16.png>]
<imagenes/paso18.png, id=62, 889.3225pt x 671.50874pt>
File: imagenes/paso18.png Graphic file (type png)
<use imagenes/paso18.png>
Package pdftex.def Info: imagenes/paso18.png  used on input line 89.
(pdftex.def)             Requested size: 345.0pt x 260.50409pt.

Overfull \hbox (15.0pt too wide) in paragraph at lines 89--90
[][] 
 []

<imagenes/paso19.png, id=63, 503.8825pt x 141.52875pt>
File: imagenes/paso19.png Graphic file (type png)
<use imagenes/paso19.png>
Package pdftex.def Info: imagenes/paso19.png  used on input line 93.
(pdftex.def)             Requested size: 345.0pt x 96.90341pt.

Overfull \hbox (15.0pt too wide) in paragraph at lines 93--94
[][] 
 []

<imagenes/paso20.png, id=64, 718.685pt x 430.60875pt>
File: imagenes/paso20.png Graphic file (type png)
<use imagenes/paso20.png>
Package pdftex.def Info: imagenes/paso20.png  used on input line 97.
(pdftex.def)             Requested size: 345.0pt x 206.71613pt.

Overfull \hbox (15.0pt too wide) in paragraph at lines 97--98
[][] 
 []

[7 <./imagenes/paso17.png> <./imagenes/paso18.png> <./imagenes/paso19.png>]
<imagenes/paso21.png, id=72, 1132.23pt x 462.72874pt>
File: imagenes/paso21.png Graphic file (type png)
<use imagenes/paso21.png>
Package pdftex.def Info: imagenes/paso21.png  used on input line 101.
(pdftex.def)             Requested size: 345.0pt x 140.99437pt.

Overfull \hbox (15.0pt too wide) in paragraph at lines 101--102
[][] 
 []

<imagenes/paso22.png, id=73, 823.075pt x 531.9875pt>
File: imagenes/paso22.png Graphic file (type png)
<use imagenes/paso22.png>
Package pdftex.def Info: imagenes/paso22.png  used on input line 105.
(pdftex.def)             Requested size: 345.0pt x 222.98677pt.

Overfull \hbox (15.0pt too wide) in paragraph at lines 105--106
[][] 
 []

[8 <./imagenes/paso20.png> <./imagenes/paso21.png>]
<imagenes/paso23.png, id=79, 1134.2375pt x 344.28625pt>
File: imagenes/paso23.png Graphic file (type png)
<use imagenes/paso23.png>
Package pdftex.def Info: imagenes/paso23.png  used on input line 109.
(pdftex.def)             Requested size: 345.0pt x 104.72084pt.

Overfull \hbox (15.0pt too wide) in paragraph at lines 109--110
[][] 
 []

<imagenes/paso24.png, id=80, 865.2325pt x 523.9575pt>
File: imagenes/paso24.png Graphic file (type png)
<use imagenes/paso24.png>
Package pdftex.def Info: imagenes/paso24.png  used on input line 113.
(pdftex.def)             Requested size: 345.0pt x 208.9237pt.

Overfull \hbox (15.0pt too wide) in paragraph at lines 113--114
[][] 
 []

[9 <./imagenes/paso22.png> <./imagenes/paso23.png>]
<imagenes/paso25.png, id=86, 868.24374pt x 540.0175pt>
File: imagenes/paso25.png Graphic file (type png)
<use imagenes/paso25.png>
Package pdftex.def Info: imagenes/paso25.png  used on input line 117.
(pdftex.def)             Requested size: 345.0pt x 214.57765pt.

Overfull \hbox (15.0pt too wide) in paragraph at lines 117--118
[][] 
 []

<imagenes/paso26.png, id=87, 407.5225pt x 321.2pt>
File: imagenes/paso26.png Graphic file (type png)
<use imagenes/paso26.png>
Package pdftex.def Info: imagenes/paso26.png  used on input line 121.
(pdftex.def)             Requested size: 345.0pt x 271.93324pt.

Overfull \hbox (15.0pt too wide) in paragraph at lines 121--122
[][] 
 []

[10 <./imagenes/paso24.png> <./imagenes/paso25.png>]
Underfull \hbox (badness 10000) in paragraph at lines 131--132

 []


Underfull \hbox (badness 10000) in paragraph at lines 135--136

 []

[11 <./imagenes/paso26.png>] [12] (./ReporteP2.aux
LaTeX Info: Redefining \. on input line 7.
LaTeX Info: Redefining \% on input line 7.
) ) 
Here is how much of TeX's memory you used:
 3770 strings out of 481239
 50202 string characters out of 5920377
 290093 words of memory out of 5000000
 18977 multiletter control sequences out of 15000+600000
 539366 words of font info for 51 fonts, out of 8000000 for 9000
 1141 hyphenation exceptions out of 8191
 30i,7n,35p,344b,361s stack positions out of 5000i,500n,10000p,200000b,80000s
</usr/share/texlive/texmf-dist/fonts/type1/public/amsfonts/cm/cmbx10.pfb></u
sr/share/texlive/texmf-dist/fonts/type1/public/amsfonts/cm/cmbx12.pfb></usr/sha
re/texlive/texmf-dist/fonts/type1/public/amsfonts/cm/cmr10.pfb></usr/share/texl
ive/texmf-dist/fonts/type1/public/amsfonts/cm/cmr12.pfb></usr/share/texlive/tex
mf-dist/fonts/type1/public/amsfonts/cm/cmr17.pfb></usr/share/texlive/texmf-dist
/fonts/type1/public/amsfonts/cm/cmti10.pfb></usr/share/texlive/texmf-dist/fonts
/type1/public/amsfonts/cm/cmtt10.pfb>
Output written on ReporteP2.pdf (12 pages, 1213236 bytes).
PDF statistics:
 124 PDF objects out of 1000 (max. 8388607)
 50 compressed objects within 1 object stream
 0 named destinations out of 1000 (max. 500000)
 131 words of extra memory for PDF output out of 10000 (max. 10000000)

