This is pdfTeX, Version 3.14159265-2.6-1.40.20 (TeX Live 2019/Debian) (preloaded format=pdflatex 2020.9.30)  15 JAN 2021 00:44
entering extended mode
 restricted \write18 enabled.
 %&-line parsing enabled.
**ReporteP7.tex
(./ReporteP7.tex
LaTeX2e <2020-02-02> patch level 2
L3 programming layer <2020-02-14>
(/usr/share/texlive/texmf-dist/tex/latex/base/article.cls
Document Class: article 2019/12/20 v1.4l Standard LaTeX document class
(/usr/share/texlive/texmf-dist/tex/latex/base/size10.clo
File: size10.clo 2019/12/20 v1.4l Standard LaTeX file (size option)
)
\c@part=\count167
\c@section=\count168
\c@subsection=\count169
\c@subsubsection=\count170
\c@paragraph=\count171
\c@subparagraph=\count172
\c@figure=\count173
\c@table=\count174
\abovecaptionskip=\skip47
\belowcaptionskip=\skip48
\bibindent=\dimen134
)
(/usr/share/texlive/texmf-dist/tex/generic/babel/babel.sty
Package: babel 2020/02/14 3.40 The Babel package

(/usr/share/texlive/texmf-dist/tex/generic/babel/switch.def
File: switch.def 2020/02/14 3.40 Babel switching mechanism
)
(/usr/share/texlive/texmf-dist/tex/generic/babel-spanish/spanish.ldf
Language: spanish.ldf 2016/03/03 v5.0p Spanish support from the babel system

(/usr/share/texlive/texmf-dist/tex/generic/babel/babel.def
File: babel.def 2020/02/14 3.40 Babel common definitions
\babel@savecnt=\count175
\U@D=\dimen135

(/usr/share/texlive/texmf-dist/tex/generic/babel/txtbabel.def)
\bbl@readstream=\read2
\bbl@dirlevel=\count176
)
\es@quottoks=\toks14
\es@quotdepth=\count177
Package babel Info: Making " an active character on input line 561.
Package babel Info: Making . an active character on input line 662.
Package babel Info: Making < an active character on input line 707.
Package babel Info: Making > an active character on input line 707.
))
(/usr/share/texlive/texmf-dist/tex/latex/base/inputenc.sty
Package: inputenc 2018/08/11 v1.3c Input encoding file
\inpenc@prehook=\toks15
\inpenc@posthook=\toks16
)
(/usr/share/texlive/texmf-dist/tex/latex/amsfonts/amssymb.sty
Package: amssymb 2013/01/14 v3.01 AMS font symbols

(/usr/share/texlive/texmf-dist/tex/latex/amsfonts/amsfonts.sty
Package: amsfonts 2013/01/14 v3.01 Basic AMSFonts support
\@emptytoks=\toks17
\symAMSa=\mathgroup4
\symAMSb=\mathgroup5
LaTeX Font Info:    Redeclaring math symbol \hbar on input line 98.
LaTeX Font Info:    Overwriting math alphabet `\mathfrak' in version `bold'
(Font)                  U/euf/m/n --> U/euf/b/n on input line 106.
))
(/usr/share/texlive/texmf-dist/tex/latex/amsmath/amsmath.sty
Package: amsmath 2020/01/20 v2.17e AMS math features
\@mathmargin=\skip49

For additional information on amsmath, use the `?' option.
(/usr/share/texlive/texmf-dist/tex/latex/amsmath/amstext.sty
Package: amstext 2000/06/29 v2.01 AMS text

(/usr/share/texlive/texmf-dist/tex/latex/amsmath/amsgen.sty
File: amsgen.sty 1999/11/30 v2.0 generic functions
\@emptytoks=\toks18
\ex@=\dimen136
))
(/usr/share/texlive/texmf-dist/tex/latex/amsmath/amsbsy.sty
Package: amsbsy 1999/11/29 v1.2d Bold Symbols
\pmbraise@=\dimen137
)
(/usr/share/texlive/texmf-dist/tex/latex/amsmath/amsopn.sty
Package: amsopn 2016/03/08 v2.02 operator names
)
\inf@bad=\count178
LaTeX Info: Redefining \frac on input line 227.
\uproot@=\count179
\leftroot@=\count180
LaTeX Info: Redefining \overline on input line 389.
\classnum@=\count181
\DOTSCASE@=\count182
LaTeX Info: Redefining \ldots on input line 486.
LaTeX Info: Redefining \dots on input line 489.
LaTeX Info: Redefining \cdots on input line 610.
\Mathstrutbox@=\box45
\strutbox@=\box46
\big@size=\dimen138
LaTeX Font Info:    Redeclaring font encoding OML on input line 733.
LaTeX Font Info:    Redeclaring font encoding OMS on input line 734.
\macc@depth=\count183
\c@MaxMatrixCols=\count184
\dotsspace@=\muskip16
\c@parentequation=\count185
\dspbrk@lvl=\count186
\tag@help=\toks19
\row@=\count187
\column@=\count188
\maxfields@=\count189
\andhelp@=\toks20
\eqnshift@=\dimen139
\alignsep@=\dimen140
\tagshift@=\dimen141
\tagwidth@=\dimen142
\totwidth@=\dimen143
\lineht@=\dimen144
\@envbody=\toks21
\multlinegap=\skip50
\multlinetaggap=\skip51
\mathdisplay@stack=\toks22
LaTeX Info: Redefining \[ on input line 2859.
LaTeX Info: Redefining \] on input line 2860.
)
(/usr/share/texlive/texmf-dist/tex/latex/wasysym/wasysym.sty
Package: wasysym 2020/01/19 v2.4 Wasy-2 symbol support package
\symwasy=\mathgroup6
LaTeX Font Info:    Overwriting symbol font `wasy' in version `bold'
(Font)                  U/wasy/m/n --> U/wasy/b/n on input line 93.
)
(/usr/share/texlive/texmf-dist/tex/latex/multirow/multirow.sty
Package: multirow 2019/05/31 v2.5 Span multiple rows of a table
\multirow@colwidth=\skip52
\multirow@cntb=\count190
\multirow@dima=\skip53
\bigstrutjot=\dimen145
)
(/usr/share/texlive/texmf-dist/tex/latex/graphics/graphicx.sty
Package: graphicx 2019/11/30 v1.2a Enhanced LaTeX Graphics (DPC,SPQR)

(/usr/share/texlive/texmf-dist/tex/latex/graphics/keyval.sty
Package: keyval 2014/10/28 v1.15 key=value parser (DPC)
\KV@toks@=\toks23
)
(/usr/share/texlive/texmf-dist/tex/latex/graphics/graphics.sty
Package: graphics 2019/11/30 v1.4a Standard LaTeX Graphics (DPC,SPQR)

(/usr/share/texlive/texmf-dist/tex/latex/graphics/trig.sty
Package: trig 2016/01/03 v1.10 sin cos tan (DPC)
)
(/usr/share/texlive/texmf-dist/tex/latex/graphics-cfg/graphics.cfg
File: graphics.cfg 2016/06/04 v1.11 sample graphics configuration
)
Package graphics Info: Driver file: pdftex.def on input line 105.

(/usr/share/texlive/texmf-dist/tex/latex/graphics-def/pdftex.def
File: pdftex.def 2018/01/08 v1.0l Graphics/color driver for pdftex
))
\Gin@req@height=\dimen146
\Gin@req@width=\dimen147
)
(/usr/share/texlive/texmf-dist/tex/latex/hyperref/hyperref.sty
Package: hyperref 2020/01/14 v7.00d Hypertext links for LaTeX

(/usr/share/texlive/texmf-dist/tex/generic/ltxcmds/ltxcmds.sty
Package: ltxcmds 2019/12/15 v1.24 LaTeX kernel commands for general use (HO)
)
(/usr/share/texlive/texmf-dist/tex/generic/iftex/iftex.sty
Package: iftex 2019/11/07 v1.0c TeX engine tests
)
(/usr/share/texlive/texmf-dist/tex/latex/pdftexcmds/pdftexcmds.sty
Package: pdftexcmds 2019/11/24 v0.31 Utility functions of pdfTeX for LuaTeX (HO
)

(/usr/share/texlive/texmf-dist/tex/generic/infwarerr/infwarerr.sty
Package: infwarerr 2019/12/03 v1.5 Providing info/warning/error messages (HO)
)
Package pdftexcmds Info: \pdf@primitive is available.
Package pdftexcmds Info: \pdf@ifprimitive is available.
Package pdftexcmds Info: \pdfdraftmode found.
)
(/usr/share/texlive/texmf-dist/tex/generic/kvsetkeys/kvsetkeys.sty
Package: kvsetkeys 2019/12/15 v1.18 Key value parser (HO)
)
(/usr/share/texlive/texmf-dist/tex/generic/kvdefinekeys/kvdefinekeys.sty
Package: kvdefinekeys 2019-12-19 v1.6 Define keys (HO)
)
(/usr/share/texlive/texmf-dist/tex/generic/pdfescape/pdfescape.sty
Package: pdfescape 2019/12/09 v1.15 Implements pdfTeX's escape features (HO)
)
(/usr/share/texlive/texmf-dist/tex/latex/hycolor/hycolor.sty
Package: hycolor 2020-01-27 v1.10 Color options for hyperref/bookmark (HO)
)
(/usr/share/texlive/texmf-dist/tex/latex/letltxmacro/letltxmacro.sty
Package: letltxmacro 2019/12/03 v1.6 Let assignment for LaTeX macros (HO)
)
(/usr/share/texlive/texmf-dist/tex/latex/auxhook/auxhook.sty
Package: auxhook 2019-12-17 v1.6 Hooks for auxiliary files (HO)
)
(/usr/share/texlive/texmf-dist/tex/latex/kvoptions/kvoptions.sty
Package: kvoptions 2019/11/29 v3.13 Key value format for package options (HO)
)
\@linkdim=\dimen148
\Hy@linkcounter=\count191
\Hy@pagecounter=\count192

(/usr/share/texlive/texmf-dist/tex/latex/hyperref/pd1enc.def
File: pd1enc.def 2020/01/14 v7.00d Hyperref: PDFDocEncoding definition (HO)
Now handling font encoding PD1 ...
... no UTF-8 mapping file for font encoding PD1
)
(/usr/share/texlive/texmf-dist/tex/generic/intcalc/intcalc.sty
Package: intcalc 2019/12/15 v1.3 Expandable calculations with integers (HO)
)
(/usr/share/texlive/texmf-dist/tex/generic/etexcmds/etexcmds.sty
Package: etexcmds 2019/12/15 v1.7 Avoid name clashes with e-TeX commands (HO)
)
\Hy@SavedSpaceFactor=\count193
\pdfmajorversion=\count194
Package hyperref Info: Hyper figures OFF on input line 4547.
Package hyperref Info: Link nesting OFF on input line 4552.
Package hyperref Info: Hyper index ON on input line 4555.
Package hyperref Info: Plain pages OFF on input line 4562.
Package hyperref Info: Backreferencing OFF on input line 4567.
Package hyperref Info: Implicit mode ON; LaTeX internals redefined.
Package hyperref Info: Bookmarks ON on input line 4800.
\c@Hy@tempcnt=\count195

(/usr/share/texlive/texmf-dist/tex/latex/url/url.sty
\Urlmuskip=\muskip17
Package: url 2013/09/16  ver 3.4  Verb mode for urls, etc.
)
LaTeX Info: Redefining \url on input line 5159.
\XeTeXLinkMargin=\dimen149

(/usr/share/texlive/texmf-dist/tex/generic/bitset/bitset.sty
Package: bitset 2019/12/09 v1.3 Handle bit-vector datatype (HO)

(/usr/share/texlive/texmf-dist/tex/generic/bigintcalc/bigintcalc.sty
Package: bigintcalc 2019/12/15 v1.5 Expandable calculations on big integers (HO
)
))
\Fld@menulength=\count196
\Field@Width=\dimen150
\Fld@charsize=\dimen151
Package hyperref Info: Hyper figures OFF on input line 6430.
Package hyperref Info: Link nesting OFF on input line 6435.
Package hyperref Info: Hyper index ON on input line 6438.
Package hyperref Info: backreferencing OFF on input line 6445.
Package hyperref Info: Link coloring OFF on input line 6450.
Package hyperref Info: Link coloring with OCG OFF on input line 6455.
Package hyperref Info: PDF/A mode OFF on input line 6460.
LaTeX Info: Redefining \ref on input line 6500.
LaTeX Info: Redefining \pageref on input line 6504.

(/usr/share/texlive/texmf-dist/tex/generic/atbegshi/atbegshi.sty
Package: atbegshi 2019/12/05 v1.19 At begin shipout hook (HO)
)
\Hy@abspage=\count197
\c@Item=\count198
\c@Hfootnote=\count199
)
Package hyperref Info: Driver (autodetected): hpdftex.

(/usr/share/texlive/texmf-dist/tex/latex/hyperref/hpdftex.def
File: hpdftex.def 2020/01/14 v7.00d Hyperref driver for pdfTeX

(/usr/share/texlive/texmf-dist/tex/latex/atveryend/atveryend.sty
Package: atveryend 2019-12-11 v1.11 Hooks at the very end of document (HO)
Package atveryend Info: \enddocument detected (standard20110627).
)
\Fld@listcount=\count266
\c@bookmark@seq@number=\count267

(/usr/share/texlive/texmf-dist/tex/latex/rerunfilecheck/rerunfilecheck.sty
Package: rerunfilecheck 2019/12/05 v1.9 Rerun checks for auxiliary files (HO)

(/usr/share/texlive/texmf-dist/tex/generic/uniquecounter/uniquecounter.sty
Package: uniquecounter 2019/12/15 v1.4 Provide unlimited unique counter (HO)
)
Package uniquecounter Info: New unique counter `rerunfilecheck' on input line 2
86.
)
\Hy@SectionHShift=\skip54
)
(/usr/share/texlive/texmf-dist/tex/latex/l3backend/l3backend-pdfmode.def
File: l3backend-pdfmode.def 2020-02-03 L3 backend support: PDF mode
\l__kernel_color_stack_int=\count268
\l__pdf_internal_box=\box47
)
(./ReporteP7.aux
LaTeX Info: Redefining \. on input line 24.
LaTeX Info: Redefining \% on input line 24.
)
\openout1 = `ReporteP7.aux'.

LaTeX Font Info:    Checking defaults for OML/cmm/m/it on input line 11.
LaTeX Font Info:    ... okay on input line 11.
LaTeX Font Info:    Checking defaults for OMS/cmsy/m/n on input line 11.
LaTeX Font Info:    ... okay on input line 11.
LaTeX Font Info:    Checking defaults for OT1/cmr/m/n on input line 11.
LaTeX Font Info:    ... okay on input line 11.
LaTeX Font Info:    Checking defaults for T1/cmr/m/n on input line 11.
LaTeX Font Info:    ... okay on input line 11.
LaTeX Font Info:    Checking defaults for TS1/cmr/m/n on input line 11.
LaTeX Font Info:    ... okay on input line 11.
LaTeX Font Info:    Checking defaults for OMX/cmex/m/n on input line 11.
LaTeX Font Info:    ... okay on input line 11.
LaTeX Font Info:    Checking defaults for U/cmr/m/n on input line 11.
LaTeX Font Info:    ... okay on input line 11.
LaTeX Font Info:    Checking defaults for PD1/pdf/m/n on input line 11.
LaTeX Font Info:    ... okay on input line 11.
LaTeX Info: Redefining \. on input line 11.
LaTeX Info: Redefining \% on input line 11.

(/usr/share/texlive/texmf-dist/tex/context/base/mkii/supp-pdf.mkii
[Loading MPS to PDF converter (version 2006.09.02).]
\scratchcounter=\count269
\scratchdimen=\dimen152
\scratchbox=\box48
\nofMPsegments=\count270
\nofMParguments=\count271
\everyMPshowfont=\toks24
\MPscratchCnt=\count272
\MPscratchDim=\dimen153
\MPnumerator=\count273
\makeMPintoPDFobject=\count274
\everyMPtoPDFconversion=\toks25
) (/usr/share/texlive/texmf-dist/tex/latex/epstopdf-pkg/epstopdf-base.sty
Package: epstopdf-base 2020-01-24 v2.11 Base part for package epstopdf
Package epstopdf-base Info: Redefining graphics rule for `.eps' on input line 4
85.

(/usr/share/texlive/texmf-dist/tex/latex/latexconfig/epstopdf-sys.cfg
File: epstopdf-sys.cfg 2010/07/13 v1.3 Configuration of (r)epstopdf for TeX Liv
e
))
\AtBeginShipoutBox=\box49
Package hyperref Info: Link coloring OFF on input line 11.

(/usr/share/texlive/texmf-dist/tex/latex/hyperref/nameref.sty
Package: nameref 2019/09/16 v2.46 Cross-referencing by name of section

(/usr/share/texlive/texmf-dist/tex/latex/refcount/refcount.sty
Package: refcount 2019/12/15 v3.6 Data extraction from label references (HO)
)
(/usr/share/texlive/texmf-dist/tex/generic/gettitlestring/gettitlestring.sty
Package: gettitlestring 2019/12/15 v1.6 Cleanup title references (HO)
)
\c@section@level=\count275
)
LaTeX Info: Redefining \ref on input line 11.
LaTeX Info: Redefining \pageref on input line 11.
LaTeX Info: Redefining \nameref on input line 11.

(./ReporteP7.out) (./ReporteP7.out)
\@outlinefile=\write3
\openout3 = `ReporteP7.out'.

LaTeX Font Info:    Trying to load font information for U+msa on input line 13.


(/usr/share/texlive/texmf-dist/tex/latex/amsfonts/umsa.fd
File: umsa.fd 2013/01/14 v3.01 AMS symbols A
)
LaTeX Font Info:    Trying to load font information for U+msb on input line 13.


(/usr/share/texlive/texmf-dist/tex/latex/amsfonts/umsb.fd
File: umsb.fd 2013/01/14 v3.01 AMS symbols B
)
LaTeX Font Info:    Trying to load font information for U+wasy on input line 13
.

(/usr/share/texlive/texmf-dist/tex/latex/wasysym/uwasy.fd
File: uwasy.fd 2020/01/19 v2.4 Wasy-2 symbol font definitions
)
<imagenes/1.png, id=12, 560.0925pt x 174.6525pt>
File: imagenes/1.png Graphic file (type png)
<use imagenes/1.png>
Package pdftex.def Info: imagenes/1.png  used on input line 19.
(pdftex.def)             Requested size: 168.02904pt x 52.39615pt.
<imagenes/2.png, id=14, 562.1pt x 182.6825pt>
File: imagenes/2.png Graphic file (type png)
<use imagenes/2.png>
Package pdftex.def Info: imagenes/2.png  used on input line 21.
(pdftex.def)             Requested size: 168.6313pt x 54.80516pt.
<imagenes/3.png, id=15, 556.0775pt x 165.61874pt>
File: imagenes/3.png Graphic file (type png)
<use imagenes/3.png>
Package pdftex.def Info: imagenes/3.png  used on input line 23.
(pdftex.def)             Requested size: 166.82454pt x 49.686pt.
<imagenes/4.png, id=16, 554.07pt x 309.155pt>
File: imagenes/4.png Graphic file (type png)
<use imagenes/4.png>
Package pdftex.def Info: imagenes/4.png  used on input line 29.
(pdftex.def)             Requested size: 166.22227pt x 92.74721pt.
<imagenes/5.png, id=17, 556.0775pt x 385.44pt>
File: imagenes/5.png Graphic file (type png)
<use imagenes/5.png>
Package pdftex.def Info: imagenes/5.png  used on input line 35.
(pdftex.def)             Requested size: 166.82454pt x 115.63289pt.
 [1

{/var/lib/texmf/fonts/map/pdftex/updmap/pdftex.map} <./imagenes/1.png> <./image
nes/2.png> <./imagenes/3.png> <./imagenes/4.png>]
<imagenes/6.png, id=32, 558.085pt x 328.22626pt>
File: imagenes/6.png Graphic file (type png)
<use imagenes/6.png>
Package pdftex.def Info: imagenes/6.png  used on input line 37.
(pdftex.def)             Requested size: 167.42679pt x 98.46863pt.
<imagenes/7.png, id=33, 554.07pt x 201.75375pt>
File: imagenes/7.png Graphic file (type png)
<use imagenes/7.png>
Package pdftex.def Info: imagenes/7.png  used on input line 43.
(pdftex.def)             Requested size: 166.22227pt x 60.52658pt.

Overfull \hbox (46.38768pt too wide) in paragraph at lines 46--47
[]\OT1/cmr/m/n/10 Se guar-da la con-fi-gu-ra-ci^^Son de ca-da rou-ter con \OT1/
cmtt/m/n/10 copy running-config startup-config\OT1/cmr/m/n/10 . 
 []

<imagenes/8.png, id=34, 554.07pt x 335.2525pt>
File: imagenes/8.png Graphic file (type png)
<use imagenes/8.png>
Package pdftex.def Info: imagenes/8.png  used on input line 59.
(pdftex.def)             Requested size: 166.22227pt x 100.57652pt.
<imagenes/9.png, id=35, 556.0775pt x 349.305pt>
File: imagenes/9.png Graphic file (type png)
<use imagenes/9.png>
Package pdftex.def Info: imagenes/9.png  used on input line 61.
(pdftex.def)             Requested size: 166.82454pt x 104.7923pt.
[2 <./imagenes/5.png> <./imagenes/6.png> <./imagenes/7.png> <./imagenes/8.png>]
<imagenes/10.png, id=44, 556.0775pt x 445.665pt>
File: imagenes/10.png Graphic file (type png)
<use imagenes/10.png>
Package pdftex.def Info: imagenes/10.png  used on input line 63.
(pdftex.def)             Requested size: 166.82454pt x 133.70053pt.
<imagenes/11.png, id=45, 555.07375pt x 490.83376pt>
File: imagenes/11.png Graphic file (type png)
<use imagenes/11.png>
Package pdftex.def Info: imagenes/11.png  used on input line 65.
(pdftex.def)             Requested size: 166.52339pt x 147.25125pt.
<imagenes/12.png, id=46, 555.07375pt x 308.15125pt>
File: imagenes/12.png Graphic file (type png)
<use imagenes/12.png>
Package pdftex.def Info: imagenes/12.png  used on input line 69.
(pdftex.def)             Requested size: 166.52339pt x 92.44608pt.
<imagenes/13.png, id=47, 551.05875pt x 287.0725pt>
File: imagenes/13.png Graphic file (type png)
<use imagenes/13.png>
Package pdftex.def Info: imagenes/13.png  used on input line 71.
(pdftex.def)             Requested size: 165.3189pt x 86.1224pt.
[3 <./imagenes/9.png> <./imagenes/10.png> <./imagenes/11.png> <./imagenes/12.pn
g>]
<imagenes/14.png, id=56, 553.06625pt x 407.5225pt>
File: imagenes/14.png Graphic file (type png)
<use imagenes/14.png>
Package pdftex.def Info: imagenes/14.png  used on input line 73.
(pdftex.def)             Requested size: 165.92114pt x 122.25769pt.
<imagenes/15.png, id=57, 553.06625pt x 306.14375pt>
File: imagenes/15.png Graphic file (type png)
<use imagenes/15.png>
Package pdftex.def Info: imagenes/15.png  used on input line 77.
(pdftex.def)             Requested size: 165.92114pt x 91.84383pt.
<imagenes/16.png, id=58, 555.07375pt x 255.95625pt>
File: imagenes/16.png Graphic file (type png)
<use imagenes/16.png>
Package pdftex.def Info: imagenes/16.png  used on input line 79.
(pdftex.def)             Requested size: 166.52339pt x 76.78746pt.
<imagenes/17.png, id=59, 553.06625pt x 496.85625pt>
File: imagenes/17.png Graphic file (type png)
<use imagenes/17.png>
Package pdftex.def Info: imagenes/17.png  used on input line 81.
(pdftex.def)             Requested size: 165.92114pt x 149.05801pt.
 [4 <./imagenes/13.png> <./imagenes/14.png> <./imagenes/15.png> <./imagenes/16.
png> <./imagenes/17.png>]
<imagenes/18.png, id=69, 557.08125pt x 530.98375pt>
File: imagenes/18.png Graphic file (type png)
<use imagenes/18.png>
Package pdftex.def Info: imagenes/18.png  used on input line 102.
(pdftex.def)             Requested size: 167.12566pt x 159.29634pt.
<imagenes/19.png, id=70, 560.0925pt x 534.99875pt>
File: imagenes/19.png Graphic file (type png)
<use imagenes/19.png>
Package pdftex.def Info: imagenes/19.png  used on input line 104.
(pdftex.def)             Requested size: 168.02904pt x 160.50085pt.
<imagenes/20.png, id=71, 557.08125pt x 546.04pt>
File: imagenes/20.png Graphic file (type png)
<use imagenes/20.png>
Package pdftex.def Info: imagenes/20.png  used on input line 106.
(pdftex.def)             Requested size: 167.12566pt x 163.81326pt.
 [5 <./imagenes/18.png> <./imagenes/19.png>]
<imagenes/21.png, id=79, 557.08125pt x 547.04375pt>
File: imagenes/21.png Graphic file (type png)
<use imagenes/21.png>
Package pdftex.def Info: imagenes/21.png  used on input line 108.
(pdftex.def)             Requested size: 167.12566pt x 164.11438pt.
<imagenes/22.png, id=80, 558.085pt x 527.9725pt>
File: imagenes/22.png Graphic file (type png)
<use imagenes/22.png>
Package pdftex.def Info: imagenes/22.png  used on input line 110.
(pdftex.def)             Requested size: 167.42679pt x 158.39296pt.
<imagenes/23.png, id=81, 556.0775pt x 531.9875pt>
File: imagenes/23.png Graphic file (type png)
<use imagenes/23.png>
Package pdftex.def Info: imagenes/23.png  used on input line 112.
(pdftex.def)             Requested size: 166.82454pt x 159.59747pt.

[6 <./imagenes/20.png> <./imagenes/21.png> <./imagenes/22.png>]
<imagenes/24.png, id=89, 549.05125pt x 525.965pt>
File: imagenes/24.png Graphic file (type png)
<use imagenes/24.png>
Package pdftex.def Info: imagenes/24.png  used on input line 114.
(pdftex.def)             Requested size: 164.71664pt x 157.79071pt.
<imagenes/25.png, id=90, 511.9125pt x 250.9375pt>
File: imagenes/25.png Graphic file (type png)
<use imagenes/25.png>
Package pdftex.def Info: imagenes/25.png  used on input line 120.
(pdftex.def)             Requested size: 153.57494pt x 75.28181pt.
<imagenes/26.png, id=91, 557.08125pt x 352.31625pt>
File: imagenes/26.png Graphic file (type png)
<use imagenes/26.png>
Package pdftex.def Info: imagenes/26.png  used on input line 122.
(pdftex.def)             Requested size: 167.12566pt x 105.69568pt.
<imagenes/27.png, id=92, 561.09625pt x 355.3275pt>
File: imagenes/27.png Graphic file (type png)
<use imagenes/27.png>
Package pdftex.def Info: imagenes/27.png  used on input line 124.
(pdftex.def)             Requested size: 168.33017pt x 106.59906pt.
 [7 <./imagenes/23.png> <./imagenes/24.png> <./imagenes/25.png> <./imagenes/26.
png>]
<imagenes/28.png, id=102, 560.0925pt x 412.54124pt>
File: imagenes/28.png Graphic file (type png)
<use imagenes/28.png>
Package pdftex.def Info: imagenes/28.png  used on input line 126.
(pdftex.def)             Requested size: 168.02904pt x 123.76332pt.
Package atveryend Info: Empty hook `BeforeClearDocument' on input line 149.
 [8 <./imagenes/27.png> <./imagenes/28.png>]
Package atveryend Info: Empty hook `AfterLastShipout' on input line 149.
 (./ReporteP7.aux
LaTeX Info: Redefining \. on input line 24.
LaTeX Info: Redefining \% on input line 24.
)
Package atveryend Info: Executing hook `AtVeryEndDocument' on input line 149.
Package atveryend Info: Executing hook `AtEndAfterFileList' on input line 149.
Package rerunfilecheck Info: File `ReporteP7.out' has not changed.
(rerunfilecheck)             Checksum: 9A424B2525996D3B25C8F999C991FDA1;119.
Package atveryend Info: Empty hook `AtVeryVeryEnd' on input line 149.
 ) 
Here is how much of TeX's memory you used:
 7787 strings out of 481239
 112623 string characters out of 5920377
 379058 words of memory out of 5000000
 22874 multiletter control sequences out of 15000+600000
 541377 words of font info for 61 fonts, out of 8000000 for 9000
 1141 hyphenation exceptions out of 8191
 34i,8n,35p,279b,411s stack positions out of 5000i,500n,10000p,200000b,80000s
</usr/share/texlive/texmf-dist/fonts/type1/public/amsfonts/cm/cmbx10.pfb></us
r/share/texlive/texmf-dist/fonts/type1/public/amsfonts/cm/cmbx12.pfb></usr/shar
e/texlive/texmf-dist/fonts/type1/public/amsfonts/cm/cmr10.pfb></usr/share/texli
ve/texmf-dist/fonts/type1/public/amsfonts/cm/cmr12.pfb></usr/share/texlive/texm
f-dist/fonts/type1/public/amsfonts/cm/cmr17.pfb></usr/share/texlive/texmf-dist/
fonts/type1/public/amsfonts/cm/cmtt10.pfb>
Output written on ReporteP7.pdf (8 pages, 880620 bytes).
PDF statistics:
 135 PDF objects out of 1000 (max. 8388607)
 62 compressed objects within 1 object stream
 11 named destinations out of 1000 (max. 500000)
 157 words of extra memory for PDF output out of 10000 (max. 10000000)

