This is pdfTeX, Version 3.14159265-2.6-1.40.20 (TeX Live 2019/Debian) (preloaded format=pdflatex 2020.9.30)  22 OCT 2020 13:19
entering extended mode
 restricted \write18 enabled.
 %&-line parsing enabled.
**ReporteP3.tex
(./ReporteP3.tex
LaTeX2e <2020-02-02> patch level 2
L3 programming layer <2020-02-14>
(/usr/share/texlive/texmf-dist/tex/latex/base/article.cls
Document Class: article 2019/12/20 v1.4l Standard LaTeX document class
(/usr/share/texlive/texmf-dist/tex/latex/base/size10.clo
File: size10.clo 2019/12/20 v1.4l Standard LaTeX file (size option)
)
\c@part=\count167
\c@section=\count168
\c@subsection=\count169
\c@subsubsection=\count170
\c@paragraph=\count171
\c@subparagraph=\count172
\c@figure=\count173
\c@table=\count174
\abovecaptionskip=\skip47
\belowcaptionskip=\skip48
\bibindent=\dimen134
)
(/usr/share/texlive/texmf-dist/tex/generic/babel/babel.sty
Package: babel 2020/02/14 3.40 The Babel package

(/usr/share/texlive/texmf-dist/tex/generic/babel/switch.def
File: switch.def 2020/02/14 3.40 Babel switching mechanism
)
(/usr/share/texlive/texmf-dist/tex/generic/babel-spanish/spanish.ldf
Language: spanish.ldf 2016/03/03 v5.0p Spanish support from the babel system

(/usr/share/texlive/texmf-dist/tex/generic/babel/babel.def
File: babel.def 2020/02/14 3.40 Babel common definitions
\babel@savecnt=\count175
\U@D=\dimen135

(/usr/share/texlive/texmf-dist/tex/generic/babel/txtbabel.def)
\bbl@readstream=\read2
\bbl@dirlevel=\count176
)
\es@quottoks=\toks14
\es@quotdepth=\count177
Package babel Info: Making " an active character on input line 561.
Package babel Info: Making . an active character on input line 662.
Package babel Info: Making < an active character on input line 707.
Package babel Info: Making > an active character on input line 707.
))
(/usr/share/texlive/texmf-dist/tex/latex/base/inputenc.sty
Package: inputenc 2018/08/11 v1.3c Input encoding file
\inpenc@prehook=\toks15
\inpenc@posthook=\toks16
)
(/usr/share/texlive/texmf-dist/tex/latex/amsfonts/amssymb.sty
Package: amssymb 2013/01/14 v3.01 AMS font symbols

(/usr/share/texlive/texmf-dist/tex/latex/amsfonts/amsfonts.sty
Package: amsfonts 2013/01/14 v3.01 Basic AMSFonts support
\@emptytoks=\toks17
\symAMSa=\mathgroup4
\symAMSb=\mathgroup5
LaTeX Font Info:    Redeclaring math symbol \hbar on input line 98.
LaTeX Font Info:    Overwriting math alphabet `\mathfrak' in version `bold'
(Font)                  U/euf/m/n --> U/euf/b/n on input line 106.
))
(/usr/share/texlive/texmf-dist/tex/latex/amsmath/amsmath.sty
Package: amsmath 2020/01/20 v2.17e AMS math features
\@mathmargin=\skip49

For additional information on amsmath, use the `?' option.
(/usr/share/texlive/texmf-dist/tex/latex/amsmath/amstext.sty
Package: amstext 2000/06/29 v2.01 AMS text

(/usr/share/texlive/texmf-dist/tex/latex/amsmath/amsgen.sty
File: amsgen.sty 1999/11/30 v2.0 generic functions
\@emptytoks=\toks18
\ex@=\dimen136
))
(/usr/share/texlive/texmf-dist/tex/latex/amsmath/amsbsy.sty
Package: amsbsy 1999/11/29 v1.2d Bold Symbols
\pmbraise@=\dimen137
)
(/usr/share/texlive/texmf-dist/tex/latex/amsmath/amsopn.sty
Package: amsopn 2016/03/08 v2.02 operator names
)
\inf@bad=\count178
LaTeX Info: Redefining \frac on input line 227.
\uproot@=\count179
\leftroot@=\count180
LaTeX Info: Redefining \overline on input line 389.
\classnum@=\count181
\DOTSCASE@=\count182
LaTeX Info: Redefining \ldots on input line 486.
LaTeX Info: Redefining \dots on input line 489.
LaTeX Info: Redefining \cdots on input line 610.
\Mathstrutbox@=\box45
\strutbox@=\box46
\big@size=\dimen138
LaTeX Font Info:    Redeclaring font encoding OML on input line 733.
LaTeX Font Info:    Redeclaring font encoding OMS on input line 734.
\macc@depth=\count183
\c@MaxMatrixCols=\count184
\dotsspace@=\muskip16
\c@parentequation=\count185
\dspbrk@lvl=\count186
\tag@help=\toks19
\row@=\count187
\column@=\count188
\maxfields@=\count189
\andhelp@=\toks20
\eqnshift@=\dimen139
\alignsep@=\dimen140
\tagshift@=\dimen141
\tagwidth@=\dimen142
\totwidth@=\dimen143
\lineht@=\dimen144
\@envbody=\toks21
\multlinegap=\skip50
\multlinetaggap=\skip51
\mathdisplay@stack=\toks22
LaTeX Info: Redefining \[ on input line 2859.
LaTeX Info: Redefining \] on input line 2860.
)
(/usr/share/texlive/texmf-dist/tex/latex/wasysym/wasysym.sty
Package: wasysym 2020/01/19 v2.4 Wasy-2 symbol support package
\symwasy=\mathgroup6
LaTeX Font Info:    Overwriting symbol font `wasy' in version `bold'
(Font)                  U/wasy/m/n --> U/wasy/b/n on input line 93.
)
(/usr/share/texlive/texmf-dist/tex/latex/multirow/multirow.sty
Package: multirow 2019/05/31 v2.5 Span multiple rows of a table
\multirow@colwidth=\skip52
\multirow@cntb=\count190
\multirow@dima=\skip53
\bigstrutjot=\dimen145
)
(/usr/share/texlive/texmf-dist/tex/latex/graphics/graphicx.sty
Package: graphicx 2019/11/30 v1.2a Enhanced LaTeX Graphics (DPC,SPQR)

(/usr/share/texlive/texmf-dist/tex/latex/graphics/keyval.sty
Package: keyval 2014/10/28 v1.15 key=value parser (DPC)
\KV@toks@=\toks23
)
(/usr/share/texlive/texmf-dist/tex/latex/graphics/graphics.sty
Package: graphics 2019/11/30 v1.4a Standard LaTeX Graphics (DPC,SPQR)

(/usr/share/texlive/texmf-dist/tex/latex/graphics/trig.sty
Package: trig 2016/01/03 v1.10 sin cos tan (DPC)
)
(/usr/share/texlive/texmf-dist/tex/latex/graphics-cfg/graphics.cfg
File: graphics.cfg 2016/06/04 v1.11 sample graphics configuration
)
Package graphics Info: Driver file: pdftex.def on input line 105.

(/usr/share/texlive/texmf-dist/tex/latex/graphics-def/pdftex.def
File: pdftex.def 2018/01/08 v1.0l Graphics/color driver for pdftex
))
\Gin@req@height=\dimen146
\Gin@req@width=\dimen147
)
(/usr/share/texlive/texmf-dist/tex/latex/hyperref/hyperref.sty
Package: hyperref 2020/01/14 v7.00d Hypertext links for LaTeX

(/usr/share/texlive/texmf-dist/tex/generic/ltxcmds/ltxcmds.sty
Package: ltxcmds 2019/12/15 v1.24 LaTeX kernel commands for general use (HO)
)
(/usr/share/texlive/texmf-dist/tex/generic/iftex/iftex.sty
Package: iftex 2019/11/07 v1.0c TeX engine tests
)
(/usr/share/texlive/texmf-dist/tex/latex/pdftexcmds/pdftexcmds.sty
Package: pdftexcmds 2019/11/24 v0.31 Utility functions of pdfTeX for LuaTeX (HO
)

(/usr/share/texlive/texmf-dist/tex/generic/infwarerr/infwarerr.sty
Package: infwarerr 2019/12/03 v1.5 Providing info/warning/error messages (HO)
)
Package pdftexcmds Info: \pdf@primitive is available.
Package pdftexcmds Info: \pdf@ifprimitive is available.
Package pdftexcmds Info: \pdfdraftmode found.
)
(/usr/share/texlive/texmf-dist/tex/generic/kvsetkeys/kvsetkeys.sty
Package: kvsetkeys 2019/12/15 v1.18 Key value parser (HO)
)
(/usr/share/texlive/texmf-dist/tex/generic/kvdefinekeys/kvdefinekeys.sty
Package: kvdefinekeys 2019-12-19 v1.6 Define keys (HO)
)
(/usr/share/texlive/texmf-dist/tex/generic/pdfescape/pdfescape.sty
Package: pdfescape 2019/12/09 v1.15 Implements pdfTeX's escape features (HO)
)
(/usr/share/texlive/texmf-dist/tex/latex/hycolor/hycolor.sty
Package: hycolor 2020-01-27 v1.10 Color options for hyperref/bookmark (HO)
)
(/usr/share/texlive/texmf-dist/tex/latex/letltxmacro/letltxmacro.sty
Package: letltxmacro 2019/12/03 v1.6 Let assignment for LaTeX macros (HO)
)
(/usr/share/texlive/texmf-dist/tex/latex/auxhook/auxhook.sty
Package: auxhook 2019-12-17 v1.6 Hooks for auxiliary files (HO)
)
(/usr/share/texlive/texmf-dist/tex/latex/kvoptions/kvoptions.sty
Package: kvoptions 2019/11/29 v3.13 Key value format for package options (HO)
)
\@linkdim=\dimen148
\Hy@linkcounter=\count191
\Hy@pagecounter=\count192

(/usr/share/texlive/texmf-dist/tex/latex/hyperref/pd1enc.def
File: pd1enc.def 2020/01/14 v7.00d Hyperref: PDFDocEncoding definition (HO)
Now handling font encoding PD1 ...
... no UTF-8 mapping file for font encoding PD1
)
(/usr/share/texlive/texmf-dist/tex/generic/intcalc/intcalc.sty
Package: intcalc 2019/12/15 v1.3 Expandable calculations with integers (HO)
)
(/usr/share/texlive/texmf-dist/tex/generic/etexcmds/etexcmds.sty
Package: etexcmds 2019/12/15 v1.7 Avoid name clashes with e-TeX commands (HO)
)
\Hy@SavedSpaceFactor=\count193
\pdfmajorversion=\count194
Package hyperref Info: Hyper figures OFF on input line 4547.
Package hyperref Info: Link nesting OFF on input line 4552.
Package hyperref Info: Hyper index ON on input line 4555.
Package hyperref Info: Plain pages OFF on input line 4562.
Package hyperref Info: Backreferencing OFF on input line 4567.
Package hyperref Info: Implicit mode ON; LaTeX internals redefined.
Package hyperref Info: Bookmarks ON on input line 4800.
\c@Hy@tempcnt=\count195

(/usr/share/texlive/texmf-dist/tex/latex/url/url.sty
\Urlmuskip=\muskip17
Package: url 2013/09/16  ver 3.4  Verb mode for urls, etc.
)
LaTeX Info: Redefining \url on input line 5159.
\XeTeXLinkMargin=\dimen149

(/usr/share/texlive/texmf-dist/tex/generic/bitset/bitset.sty
Package: bitset 2019/12/09 v1.3 Handle bit-vector datatype (HO)

(/usr/share/texlive/texmf-dist/tex/generic/bigintcalc/bigintcalc.sty
Package: bigintcalc 2019/12/15 v1.5 Expandable calculations on big integers (HO
)
))
\Fld@menulength=\count196
\Field@Width=\dimen150
\Fld@charsize=\dimen151
Package hyperref Info: Hyper figures OFF on input line 6430.
Package hyperref Info: Link nesting OFF on input line 6435.
Package hyperref Info: Hyper index ON on input line 6438.
Package hyperref Info: backreferencing OFF on input line 6445.
Package hyperref Info: Link coloring OFF on input line 6450.
Package hyperref Info: Link coloring with OCG OFF on input line 6455.
Package hyperref Info: PDF/A mode OFF on input line 6460.
LaTeX Info: Redefining \ref on input line 6500.
LaTeX Info: Redefining \pageref on input line 6504.

(/usr/share/texlive/texmf-dist/tex/generic/atbegshi/atbegshi.sty
Package: atbegshi 2019/12/05 v1.19 At begin shipout hook (HO)
)
\Hy@abspage=\count197
\c@Item=\count198
\c@Hfootnote=\count199
)
Package hyperref Info: Driver (autodetected): hpdftex.

(/usr/share/texlive/texmf-dist/tex/latex/hyperref/hpdftex.def
File: hpdftex.def 2020/01/14 v7.00d Hyperref driver for pdfTeX

(/usr/share/texlive/texmf-dist/tex/latex/atveryend/atveryend.sty
Package: atveryend 2019-12-11 v1.11 Hooks at the very end of document (HO)
Package atveryend Info: \enddocument detected (standard20110627).
)
\Fld@listcount=\count266
\c@bookmark@seq@number=\count267

(/usr/share/texlive/texmf-dist/tex/latex/rerunfilecheck/rerunfilecheck.sty
Package: rerunfilecheck 2019/12/05 v1.9 Rerun checks for auxiliary files (HO)

(/usr/share/texlive/texmf-dist/tex/generic/uniquecounter/uniquecounter.sty
Package: uniquecounter 2019/12/15 v1.4 Provide unlimited unique counter (HO)
)
Package uniquecounter Info: New unique counter `rerunfilecheck' on input line 2
86.
)
\Hy@SectionHShift=\skip54
)
(/usr/share/texlive/texmf-dist/tex/latex/l3backend/l3backend-pdfmode.def
File: l3backend-pdfmode.def 2020-02-03 L3 backend support: PDF mode
\l__kernel_color_stack_int=\count268
\l__pdf_internal_box=\box47
)
(./ReporteP3.aux
LaTeX Info: Redefining \. on input line 24.
LaTeX Info: Redefining \% on input line 24.
)
\openout1 = `ReporteP3.aux'.

LaTeX Font Info:    Checking defaults for OML/cmm/m/it on input line 11.
LaTeX Font Info:    ... okay on input line 11.
LaTeX Font Info:    Checking defaults for OMS/cmsy/m/n on input line 11.
LaTeX Font Info:    ... okay on input line 11.
LaTeX Font Info:    Checking defaults for OT1/cmr/m/n on input line 11.
LaTeX Font Info:    ... okay on input line 11.
LaTeX Font Info:    Checking defaults for T1/cmr/m/n on input line 11.
LaTeX Font Info:    ... okay on input line 11.
LaTeX Font Info:    Checking defaults for TS1/cmr/m/n on input line 11.
LaTeX Font Info:    ... okay on input line 11.
LaTeX Font Info:    Checking defaults for OMX/cmex/m/n on input line 11.
LaTeX Font Info:    ... okay on input line 11.
LaTeX Font Info:    Checking defaults for U/cmr/m/n on input line 11.
LaTeX Font Info:    ... okay on input line 11.
LaTeX Font Info:    Checking defaults for PD1/pdf/m/n on input line 11.
LaTeX Font Info:    ... okay on input line 11.
LaTeX Info: Redefining \. on input line 11.
LaTeX Info: Redefining \% on input line 11.

(/usr/share/texlive/texmf-dist/tex/context/base/mkii/supp-pdf.mkii
[Loading MPS to PDF converter (version 2006.09.02).]
\scratchcounter=\count269
\scratchdimen=\dimen152
\scratchbox=\box48
\nofMPsegments=\count270
\nofMParguments=\count271
\everyMPshowfont=\toks24
\MPscratchCnt=\count272
\MPscratchDim=\dimen153
\MPnumerator=\count273
\makeMPintoPDFobject=\count274
\everyMPtoPDFconversion=\toks25
) (/usr/share/texlive/texmf-dist/tex/latex/epstopdf-pkg/epstopdf-base.sty
Package: epstopdf-base 2020-01-24 v2.11 Base part for package epstopdf
Package epstopdf-base Info: Redefining graphics rule for `.eps' on input line 4
85.

(/usr/share/texlive/texmf-dist/tex/latex/latexconfig/epstopdf-sys.cfg
File: epstopdf-sys.cfg 2010/07/13 v1.3 Configuration of (r)epstopdf for TeX Liv
e
))
\AtBeginShipoutBox=\box49
Package hyperref Info: Link coloring OFF on input line 11.

(/usr/share/texlive/texmf-dist/tex/latex/hyperref/nameref.sty
Package: nameref 2019/09/16 v2.46 Cross-referencing by name of section

(/usr/share/texlive/texmf-dist/tex/latex/refcount/refcount.sty
Package: refcount 2019/12/15 v3.6 Data extraction from label references (HO)
)
(/usr/share/texlive/texmf-dist/tex/generic/gettitlestring/gettitlestring.sty
Package: gettitlestring 2019/12/15 v1.6 Cleanup title references (HO)
)
\c@section@level=\count275
)
LaTeX Info: Redefining \ref on input line 11.
LaTeX Info: Redefining \pageref on input line 11.
LaTeX Info: Redefining \nameref on input line 11.

(./ReporteP3.out) (./ReporteP3.out)
\@outlinefile=\write3
\openout3 = `ReporteP3.out'.

LaTeX Font Info:    Trying to load font information for U+msa on input line 13.


(/usr/share/texlive/texmf-dist/tex/latex/amsfonts/umsa.fd
File: umsa.fd 2013/01/14 v3.01 AMS symbols A
)
LaTeX Font Info:    Trying to load font information for U+msb on input line 13.


(/usr/share/texlive/texmf-dist/tex/latex/amsfonts/umsb.fd
File: umsb.fd 2013/01/14 v3.01 AMS symbols B
)
LaTeX Font Info:    Trying to load font information for U+wasy on input line 13
.

(/usr/share/texlive/texmf-dist/tex/latex/wasysym/uwasy.fd
File: uwasy.fd 2020/01/19 v2.4 Wasy-2 symbol font definitions
)
Overfull \hbox (30.02464pt too wide) in paragraph at lines 26--27
\OT1/cmr/m/n/10 do \OT1/cmtt/m/n/10 ssh -i "practica2.pem^^?ubuntu@ec2-54-166-8
8-197.compute-1.amazonaws.com 
 []

<imagenes/paso1.png, id=13, 739.76375pt x 480.79625pt>
File: imagenes/paso1.png Graphic file (type png)
<use imagenes/paso1.png>
Package pdftex.def Info: imagenes/paso1.png  used on input line 28.
(pdftex.def)             Requested size: 345.0pt x 224.22821pt.

Overfull \hbox (15.0pt too wide) in paragraph at lines 28--29
[][] 
 []

[1

{/var/lib/texmf/fonts/map/pdftex/updmap/pdftex.map}]
<imagenes/paso2.png, id=26, 446.66875pt x 76.285pt>
File: imagenes/paso2.png Graphic file (type png)
<use imagenes/paso2.png>
Package pdftex.def Info: imagenes/paso2.png  used on input line 32.
(pdftex.def)             Requested size: 345.0pt x 58.92236pt.

Overfull \hbox (15.0pt too wide) in paragraph at lines 32--33
[][] 
 []

<imagenes/paso3.png, id=27, 742.775pt x 277.035pt>
File: imagenes/paso3.png Graphic file (type png)
<use imagenes/paso3.png>
Package pdftex.def Info: imagenes/paso3.png  used on input line 36.
(pdftex.def)             Requested size: 345.0pt x 128.67621pt.

Overfull \hbox (15.0pt too wide) in paragraph at lines 36--37
[][] 
 []

<imagenes/paso4.png, id=28, 741.77126pt x 221.82875pt>
File: imagenes/paso4.png Graphic file (type png)
<use imagenes/paso4.png>
Package pdftex.def Info: imagenes/paso4.png  used on input line 40.
(pdftex.def)             Requested size: 345.0pt x 103.17297pt.

Overfull \hbox (15.0pt too wide) in paragraph at lines 40--41
[][] 
 []

[2 <./imagenes/paso1.png> <./imagenes/paso2.png> <./imagenes/paso3.png>]
<imagenes/paso5.png, id=36, 746.79pt x 643.40375pt>
File: imagenes/paso5.png Graphic file (type png)
<use imagenes/paso5.png>
Package pdftex.def Info: imagenes/paso5.png  used on input line 44.
(pdftex.def)             Requested size: 345.0pt x 297.23578pt.

Overfull \hbox (15.0pt too wide) in paragraph at lines 44--45
[][] 
 []


Overfull \hbox (10.52684pt too wide) in paragraph at lines 48--49
\OT1/cmr/m/n/10 vo \OT1/cmtt/m/n/10 000-default.conf\OT1/cmr/m/n/10 ) y ha-bi-l
i-tar el si-tio de es-ta pr^^Sacti-ca (ar-chi-vo \OT1/cmtt/m/n/10 redesfc.conf\
OT1/cmr/m/n/10 ).
 []


Overfull \hbox (8.47371pt too wide) in paragraph at lines 48--49
\OT1/cmr/m/n/10 Se eje-cu-tan los co-man-dos: \OT1/cmtt/m/n/10 sudo a2dissite 0
00-default.conf \OT1/cmr/m/n/10 y \OT1/cmtt/m/n/10 sudo a2ensite
 []

[3 <./imagenes/paso4.png> <./imagenes/paso5.png>]
<imagenes/paso6.png, id=43, 724.7075pt x 219.82124pt>
File: imagenes/paso6.png Graphic file (type png)
<use imagenes/paso6.png>
Package pdftex.def Info: imagenes/paso6.png  used on input line 52.
(pdftex.def)             Requested size: 345.0pt x 104.6476pt.

Overfull \hbox (15.0pt too wide) in paragraph at lines 52--53
[][] 
 []

<imagenes/paso7.png, id=44, 692.5875pt x 512.91624pt>
File: imagenes/paso7.png Graphic file (type png)
<use imagenes/paso7.png>
Package pdftex.def Info: imagenes/paso7.png  used on input line 56.
(pdftex.def)             Requested size: 345.0pt x 255.50266pt.

Overfull \hbox (15.0pt too wide) in paragraph at lines 56--57
[][] 
 []

<imagenes/paso8.png, id=45, 671.50874pt x 392.46625pt>
File: imagenes/paso8.png Graphic file (type png)
<use imagenes/paso8.png>
Package pdftex.def Info: imagenes/paso8.png  used on input line 60.
(pdftex.def)             Requested size: 345.0pt x 201.6343pt.

Overfull \hbox (15.0pt too wide) in paragraph at lines 60--61
[][] 
 []

[4 <./imagenes/paso6.png> <./imagenes/paso7.png>]
<imagenes/paso9.png, id=52, 767.86874pt x 770.88pt>
File: imagenes/paso9.png Graphic file (type png)
<use imagenes/paso9.png>
Package pdftex.def Info: imagenes/paso9.png  used on input line 70.
(pdftex.def)             Requested size: 345.0pt x 346.35172pt.

Overfull \hbox (15.0pt too wide) in paragraph at lines 70--71
[][] 
 []

[5 <./imagenes/paso8.png>]
Overfull \hbox (6.6664pt too wide) in paragraph at lines 72--73
[]\OT1/cmr/m/n/10 Para que se apli-quen los cam-bios hay que re-ini-ciar apa-ch
e con \OT1/cmtt/m/n/10 sudo systemctl
 []


Overfull \hbox (4.72084pt too wide) in paragraph at lines 72--73
\OT1/cmtt/m/n/10 restart apache2.service \OT1/cmr/m/n/10 (en la mis-ma di-rec-c
i^^Son en la que est^^Sa \OT1/cmtt/m/n/10 redesfc.conf\OT1/cmr/m/n/10 ). 
 []

<imagenes/paso10.png, id=58, 591.20876pt x 308.15125pt>
File: imagenes/paso10.png Graphic file (type png)
<use imagenes/paso10.png>
Package pdftex.def Info: imagenes/paso10.png  used on input line 76.
(pdftex.def)             Requested size: 345.0pt x 179.82341pt.

Overfull \hbox (15.0pt too wide) in paragraph at lines 76--77
[][] 
 []

[6 <./imagenes/paso9.png>]
Overfull \hbox (59.24648pt too wide) in paragraph at lines 92--92
[]\OT1/cmtt/m/n/10 ScriptAlias /cgi-bin/ /var/www/html/redes-2021-1/lab3/codigo
_ejemplo/cgi-bin/[] 
 []


Overfull \hbox (27.74675pt too wide) in paragraph at lines 92--92
[]    \OT1/cmtt/m/n/10 <Directory /var/www/html/redes-2021-1/lab3/codigo_ejempl
o/cgi-bin/>[] 
 []

<imagenes/paso11.png, id=64, 806.01125pt x 744.7825pt>
File: imagenes/paso11.png Graphic file (type png)
<use imagenes/paso11.png>
Package pdftex.def Info: imagenes/paso11.png  used on input line 94.
(pdftex.def)             Requested size: 345.0pt x 318.79558pt.

Overfull \hbox (15.0pt too wide) in paragraph at lines 94--95
[][] 
 []

[7 <./imagenes/paso10.png>]
<imagenes/paso12.png, id=71, 709.65125pt x 211.79124pt>
File: imagenes/paso12.png Graphic file (type png)
<use imagenes/paso12.png>
Package pdftex.def Info: imagenes/paso12.png  used on input line 102.
(pdftex.def)             Requested size: 345.0pt x 102.96423pt.

Overfull \hbox (15.0pt too wide) in paragraph at lines 102--103
[][] 
 []

<imagenes/paso13.png, id=72, 1029.8475pt x 647.41875pt>
File: imagenes/paso13.png Graphic file (type png)
<use imagenes/paso13.png>
Package pdftex.def Info: imagenes/paso13.png  used on input line 106.
(pdftex.def)             Requested size: 345.0pt x 216.87921pt.

Overfull \hbox (15.0pt too wide) in paragraph at lines 106--107
[][] 
 []

[8 <./imagenes/paso11.png> <./imagenes/paso12.png>]
<imagenes/paso14.png, id=79, 772.8875pt x 543.02875pt>
File: imagenes/paso14.png Graphic file (type png)
<use imagenes/paso14.png>
Package pdftex.def Info: imagenes/paso14.png  used on input line 112.
(pdftex.def)             Requested size: 345.0pt x 242.3969pt.

Overfull \hbox (15.0pt too wide) in paragraph at lines 112--113
[][] 
 []

[9 <./imagenes/paso13.png> <./imagenes/paso14.png>]
<imagenes/paso15.png, id=86, 560.0925pt x 234.8775pt>
File: imagenes/paso15.png Graphic file (type png)
<use imagenes/paso15.png>
Package pdftex.def Info: imagenes/paso15.png  used on input line 116.
(pdftex.def)             Requested size: 345.0pt x 144.68355pt.

Overfull \hbox (15.0pt too wide) in paragraph at lines 116--117
[][] 
 []

<imagenes/paso16.png, id=87, 1031.855pt x 649.42625pt>
File: imagenes/paso16.png Graphic file (type png)
<use imagenes/paso16.png>
Package pdftex.def Info: imagenes/paso16.png  used on input line 120.
(pdftex.def)             Requested size: 345.0pt x 217.13551pt.

Overfull \hbox (15.0pt too wide) in paragraph at lines 120--121
[][] 
 []


Underfull \hbox (badness 10000) in paragraph at lines 130--131

 []

[10 <./imagenes/paso15.png> <./imagenes/paso16.png>]
Underfull \hbox (badness 10000) in paragraph at lines 134--135

 []


Underfull \hbox (badness 10000) in paragraph at lines 140--141

 []


Underfull \hbox (badness 10000) in paragraph at lines 144--145

 []

File: imagenes/paso13.png Graphic file (type png)
<use imagenes/paso13.png>
Package pdftex.def Info: imagenes/paso13.png  used on input line 150.
(pdftex.def)             Requested size: 345.0pt x 216.87921pt.

Overfull \hbox (15.0pt too wide) in paragraph at lines 150--151
[][] 
 []

File: imagenes/paso16.png Graphic file (type png)
<use imagenes/paso16.png>
Package pdftex.def Info: imagenes/paso16.png  used on input line 152.
(pdftex.def)             Requested size: 345.0pt x 217.13551pt.

Overfull \hbox (15.0pt too wide) in paragraph at lines 152--153
[][] 
 []

[11]
Package atveryend Info: Empty hook `BeforeClearDocument' on input line 165.
 [12]
Package atveryend Info: Empty hook `AfterLastShipout' on input line 165.
 (./ReporteP3.aux
LaTeX Info: Redefining \. on input line 24.
LaTeX Info: Redefining \% on input line 24.
)
Package atveryend Info: Executing hook `AtVeryEndDocument' on input line 165.
Package atveryend Info: Executing hook `AtEndAfterFileList' on input line 165.
Package rerunfilecheck Info: File `ReporteP3.out' has not changed.
(rerunfilecheck)             Checksum: 603B5F75FD1A660F0F0DA04EA795AAB9;116.
Package atveryend Info: Empty hook `AtVeryVeryEnd' on input line 165.
 ) 
Here is how much of TeX's memory you used:
 7707 strings out of 481239
 111789 string characters out of 5920377
 379058 words of memory out of 5000000
 22800 multiletter control sequences out of 15000+600000
 541723 words of font info for 62 fonts, out of 8000000 for 9000
 1141 hyphenation exceptions out of 8191
 34i,7n,35p,509b,361s stack positions out of 5000i,500n,10000p,200000b,80000s
</usr/share/texlive/texmf-dist/fonts/type1/public/amsfonts/cm/cmbx10.pfb></us
r/share/texlive/texmf-dist/fonts/type1/public/amsfonts/cm/cmbx12.pfb></usr/shar
e/texlive/texmf-dist/fonts/type1/public/amsfonts/cm/cmr10.pfb></usr/share/texli
ve/texmf-dist/fonts/type1/public/amsfonts/cm/cmr12.pfb></usr/share/texlive/texm
f-dist/fonts/type1/public/amsfonts/cm/cmr17.pfb></usr/share/texlive/texmf-dist/
fonts/type1/public/amsfonts/cm/cmti10.pfb></usr/share/texlive/texmf-dist/fonts/
type1/public/amsfonts/cm/cmtt10.pfb>
Output written on ReporteP3.pdf (12 pages, 1040550 bytes).
PDF statistics:
 134 PDF objects out of 1000 (max. 8388607)
 80 compressed objects within 1 object stream
 15 named destinations out of 1000 (max. 500000)
 97 words of extra memory for PDF output out of 10000 (max. 10000000)

