This is pdfTeX, Version 3.14159265-2.6-1.40.20 (TeX Live 2019/Debian) (preloaded format=pdflatex 2021.6.7)  13 AUG 2021 03:02
entering extended mode
 restricted \write18 enabled.
 %&-line parsing enabled.
**ReporteP5.tex
(./ReporteP5.tex
LaTeX2e <2020-02-02> patch level 2
L3 programming layer <2020-02-14>
(/usr/share/texlive/texmf-dist/tex/latex/base/article.cls
Document Class: article 2019/12/20 v1.4l Standard LaTeX document class
(/usr/share/texlive/texmf-dist/tex/latex/base/size10.clo
File: size10.clo 2019/12/20 v1.4l Standard LaTeX file (size option)
)
\c@part=\count167
\c@section=\count168
\c@subsection=\count169
\c@subsubsection=\count170
\c@paragraph=\count171
\c@subparagraph=\count172
\c@figure=\count173
\c@table=\count174
\abovecaptionskip=\skip47
\belowcaptionskip=\skip48
\bibindent=\dimen134
)
(/usr/share/texlive/texmf-dist/tex/latex/base/fontenc.sty
Package: fontenc 2020/02/11 v2.0o Standard LaTeX package
)
(/usr/share/texlive/texmf-dist/tex/latex/base/inputenc.sty
Package: inputenc 2018/08/11 v1.3c Input encoding file
\inpenc@prehook=\toks14
\inpenc@posthook=\toks15
)
(/usr/share/texlive/texmf-dist/tex/generic/babel/babel.sty
Package: babel 2020/02/14 3.40 The Babel package

(/usr/share/texlive/texmf-dist/tex/generic/babel/switch.def
File: switch.def 2020/02/14 3.40 Babel switching mechanism
)
(/usr/share/texlive/texmf-dist/tex/generic/babel-spanish/spanish.ldf
Language: spanish.ldf 2016/03/03 v5.0p Spanish support from the babel system

(/usr/share/texlive/texmf-dist/tex/generic/babel/babel.def
File: babel.def 2020/02/14 3.40 Babel common definitions
\babel@savecnt=\count175
\U@D=\dimen135

(/usr/share/texlive/texmf-dist/tex/generic/babel/txtbabel.def)
\bbl@readstream=\read2
\bbl@dirlevel=\count176
)
\es@quottoks=\toks16
\es@quotdepth=\count177
Package babel Info: Making " an active character on input line 561.
Package babel Info: Making . an active character on input line 662.
Package babel Info: Making < an active character on input line 707.
Package babel Info: Making > an active character on input line 707.
))
(/usr/share/texlive/texmf-dist/tex/latex/amsfonts/amssymb.sty
Package: amssymb 2013/01/14 v3.01 AMS font symbols

(/usr/share/texlive/texmf-dist/tex/latex/amsfonts/amsfonts.sty
Package: amsfonts 2013/01/14 v3.01 Basic AMSFonts support
\@emptytoks=\toks17
\symAMSa=\mathgroup4
\symAMSb=\mathgroup5
LaTeX Font Info:    Redeclaring math symbol \hbar on input line 98.
LaTeX Font Info:    Overwriting math alphabet `\mathfrak' in version `bold'
(Font)                  U/euf/m/n --> U/euf/b/n on input line 106.
))
(/usr/share/texlive/texmf-dist/tex/latex/amsmath/amsmath.sty
Package: amsmath 2020/01/20 v2.17e AMS math features
\@mathmargin=\skip49

For additional information on amsmath, use the `?' option.
(/usr/share/texlive/texmf-dist/tex/latex/amsmath/amstext.sty
Package: amstext 2000/06/29 v2.01 AMS text

(/usr/share/texlive/texmf-dist/tex/latex/amsmath/amsgen.sty
File: amsgen.sty 1999/11/30 v2.0 generic functions
\@emptytoks=\toks18
\ex@=\dimen136
))
(/usr/share/texlive/texmf-dist/tex/latex/amsmath/amsbsy.sty
Package: amsbsy 1999/11/29 v1.2d Bold Symbols
\pmbraise@=\dimen137
)
(/usr/share/texlive/texmf-dist/tex/latex/amsmath/amsopn.sty
Package: amsopn 2016/03/08 v2.02 operator names
)
\inf@bad=\count178
LaTeX Info: Redefining \frac on input line 227.
\uproot@=\count179
\leftroot@=\count180
LaTeX Info: Redefining \overline on input line 389.
\classnum@=\count181
\DOTSCASE@=\count182
LaTeX Info: Redefining \ldots on input line 486.
LaTeX Info: Redefining \dots on input line 489.
LaTeX Info: Redefining \cdots on input line 610.
\Mathstrutbox@=\box45
\strutbox@=\box46
\big@size=\dimen138
LaTeX Font Info:    Redeclaring font encoding OML on input line 733.
LaTeX Font Info:    Redeclaring font encoding OMS on input line 734.
\macc@depth=\count183
\c@MaxMatrixCols=\count184
\dotsspace@=\muskip16
\c@parentequation=\count185
\dspbrk@lvl=\count186
\tag@help=\toks19
\row@=\count187
\column@=\count188
\maxfields@=\count189
\andhelp@=\toks20
\eqnshift@=\dimen139
\alignsep@=\dimen140
\tagshift@=\dimen141
\tagwidth@=\dimen142
\totwidth@=\dimen143
\lineht@=\dimen144
\@envbody=\toks21
\multlinegap=\skip50
\multlinetaggap=\skip51
\mathdisplay@stack=\toks22
LaTeX Info: Redefining \[ on input line 2859.
LaTeX Info: Redefining \] on input line 2860.
)
(/usr/share/texlive/texmf-dist/tex/latex/graphics/graphicx.sty
Package: graphicx 2019/11/30 v1.2a Enhanced LaTeX Graphics (DPC,SPQR)

(/usr/share/texlive/texmf-dist/tex/latex/graphics/keyval.sty
Package: keyval 2014/10/28 v1.15 key=value parser (DPC)
\KV@toks@=\toks23
)
(/usr/share/texlive/texmf-dist/tex/latex/graphics/graphics.sty
Package: graphics 2019/11/30 v1.4a Standard LaTeX Graphics (DPC,SPQR)

(/usr/share/texlive/texmf-dist/tex/latex/graphics/trig.sty
Package: trig 2016/01/03 v1.10 sin cos tan (DPC)
)
(/usr/share/texlive/texmf-dist/tex/latex/graphics-cfg/graphics.cfg
File: graphics.cfg 2016/06/04 v1.11 sample graphics configuration
)
Package graphics Info: Driver file: pdftex.def on input line 105.

(/usr/share/texlive/texmf-dist/tex/latex/graphics-def/pdftex.def
File: pdftex.def 2018/01/08 v1.0l Graphics/color driver for pdftex
))
\Gin@req@height=\dimen145
\Gin@req@width=\dimen146
)
(/usr/share/texlive/texmf-dist/tex/latex/l3backend/l3backend-pdfmode.def
File: l3backend-pdfmode.def 2020-02-03 L3 backend support: PDF mode
\l__kernel_color_stack_int=\count190
\l__pdf_internal_box=\box47
)
(./ReporteP5.aux
LaTeX Info: Redefining \. on input line 7.
LaTeX Info: Redefining \% on input line 7.
)
\openout1 = `ReporteP5.aux'.

LaTeX Font Info:    Checking defaults for OML/cmm/m/it on input line 10.
LaTeX Font Info:    ... okay on input line 10.
LaTeX Font Info:    Checking defaults for OMS/cmsy/m/n on input line 10.
LaTeX Font Info:    ... okay on input line 10.
LaTeX Font Info:    Checking defaults for OT1/cmr/m/n on input line 10.
LaTeX Font Info:    ... okay on input line 10.
LaTeX Font Info:    Checking defaults for T1/cmr/m/n on input line 10.
LaTeX Font Info:    ... okay on input line 10.
LaTeX Font Info:    Checking defaults for TS1/cmr/m/n on input line 10.
LaTeX Font Info:    ... okay on input line 10.
LaTeX Font Info:    Checking defaults for OMX/cmex/m/n on input line 10.
LaTeX Font Info:    ... okay on input line 10.
LaTeX Font Info:    Checking defaults for U/cmr/m/n on input line 10.
LaTeX Font Info:    ... okay on input line 10.
LaTeX Info: Redefining \. on input line 10.
LaTeX Info: Redefining \% on input line 10.

(/usr/share/texlive/texmf-dist/tex/context/base/mkii/supp-pdf.mkii
[Loading MPS to PDF converter (version 2006.09.02).]
\scratchcounter=\count191
\scratchdimen=\dimen147
\scratchbox=\box48
\nofMPsegments=\count192
\nofMParguments=\count193
\everyMPshowfont=\toks24
\MPscratchCnt=\count194
\MPscratchDim=\dimen148
\MPnumerator=\count195
\makeMPintoPDFobject=\count196
\everyMPtoPDFconversion=\toks25
) (/usr/share/texlive/texmf-dist/tex/latex/epstopdf-pkg/epstopdf-base.sty
Package: epstopdf-base 2020-01-24 v2.11 Base part for package epstopdf
Package epstopdf-base Info: Redefining graphics rule for `.eps' on input line 4
85.

(/usr/share/texlive/texmf-dist/tex/latex/latexconfig/epstopdf-sys.cfg
File: epstopdf-sys.cfg 2010/07/13 v1.3 Configuration of (r)epstopdf for TeX Liv
e
))
LaTeX Font Info:    Trying to load font information for U+msa on input line 11.


(/usr/share/texlive/texmf-dist/tex/latex/amsfonts/umsa.fd
File: umsa.fd 2013/01/14 v3.01 AMS symbols A
)
LaTeX Font Info:    Trying to load font information for U+msb on input line 11.


(/usr/share/texlive/texmf-dist/tex/latex/amsfonts/umsb.fd
File: umsb.fd 2013/01/14 v3.01 AMS symbols B
)
LaTeX Font Info:    Trying to load font information for T1+cmtt on input line 3
3.

(/usr/share/texlive/texmf-dist/tex/latex/base/t1cmtt.fd
File: t1cmtt.fd 2019/12/16 v2.5j Standard LaTeX font definitions
)
Overfull \hbox (36.35498pt too wide) in paragraph at lines 33--34
[]\T1/cmr/m/n/10 Al crear ejem-pla-res se uti-li-zó el eje-cu-ta-ble \T1/cmtt/m
/n/10 ./randLocalGraph -m <m><n><archivo>\T1/cmr/m/n/10 .
 []

<imagenes/grafico1M.png, id=1, 572.1375pt x 322.20375pt>
File: imagenes/grafico1M.png Graphic file (type png)
<use imagenes/grafico1M.png>
Package pdftex.def Info: imagenes/grafico1M.png  used on input line 59.
(pdftex.def)             Requested size: 286.06804pt x 161.10147pt.
[1

{/var/lib/texmf/fonts/map/pdftex/updmap/pdftex.map}]
<imagenes/grafico2.png, id=18, 569.12625pt x 328.22626pt>
File: imagenes/grafico2.png Graphic file (type png)
<use imagenes/grafico2.png>
Package pdftex.def Info: imagenes/grafico2.png  used on input line 99.
(pdftex.def)             Requested size: 284.56242pt x 164.11272pt.
 [2 <./imagenes/grafico1M.png>] [3 <./imagenes/grafico2.png>]
<imagenes/comparacion.png, id=27, 574.145pt x 331.2375pt>
File: imagenes/comparacion.png Graphic file (type png)
<use imagenes/comparacion.png>
Package pdftex.def Info: imagenes/comparacion.png  used on input line 141.
(pdftex.def)             Requested size: 287.0718pt x 165.61833pt.
<imagenes/limite2.png, id=28, 695.59875pt x 56.21pt>
File: imagenes/limite2.png Graphic file (type png)
<use imagenes/limite2.png>
Package pdftex.def Info: imagenes/limite2.png  used on input line 155.
(pdftex.def)             Requested size: 345.0pt x 27.8785pt.
 [4 <./imagenes/comparacion.png> <./imagenes/limite2.png>]
<imagenes/grafico3.png, id=34, 575.14874pt x 329.23pt>
File: imagenes/grafico3.png Graphic file (type png)
<use imagenes/grafico3.png>
Package pdftex.def Info: imagenes/grafico3.png  used on input line 203.
(pdftex.def)             Requested size: 287.57367pt x 164.6146pt.
<imagenes/temp1.png, id=35, 563.10374pt x 428.60126pt>
File: imagenes/temp1.png Graphic file (type png)
<use imagenes/temp1.png>
Package pdftex.def Info: imagenes/temp1.png  used on input line 219.
(pdftex.def)             Requested size: 281.55118pt x 214.3001pt.
<imagenes/android.png, id=36, 1284.8pt x 803.0pt>
File: imagenes/android.png Graphic file (type png)
<use imagenes/android.png>
Package pdftex.def Info: imagenes/android.png  used on input line 231.
(pdftex.def)             Requested size: 345.0pt x 215.62437pt.
<imagenes/temp2.png, id=37, 543.02875pt x 445.665pt>
File: imagenes/temp2.png Graphic file (type png)
<use imagenes/temp2.png>
Package pdftex.def Info: imagenes/temp2.png  used on input line 241.
(pdftex.def)             Requested size: 271.5137pt x 222.83195pt.
<imagenes/placa.jpg, id=38, 963.6pt x 722.7pt>
File: imagenes/placa.jpg Graphic file (type jpg)
<use imagenes/placa.jpg>
Package pdftex.def Info: imagenes/placa.jpg  used on input line 255.
(pdftex.def)             Requested size: 155.24895pt x 116.42833pt.
<imagenes/ventilador.jpg, id=39, 722.7pt x 963.6pt>
File: imagenes/ventilador.jpg Graphic file (type jpg)
<use imagenes/ventilador.jpg>
Package pdftex.def Info: imagenes/ventilador.jpg  used on input line 256.
(pdftex.def)             Requested size: 155.24895pt x 206.99352pt.
<imagenes/temp3.png, id=40, 548.0475pt x 452.69125pt>
File: imagenes/temp3.png Graphic file (type png)
<use imagenes/temp3.png>
Package pdftex.def Info: imagenes/temp3.png  used on input line 266.
(pdftex.def)             Requested size: 274.02307pt x 226.34506pt.
 [5] [6 <./imagenes/grafico3.png> <./imagenes/temp1.png>]
[7 <./imagenes/android.png> <./imagenes/temp2.png>] [8 <./imagenes/placa.jpg> <
./imagenes/ventilador.jpg> <./imagenes/temp3.png>]
<imagenes/temp4_1.png, id=60, 255.95625pt x 443.6575pt>
File: imagenes/temp4_1.png Graphic file (type png)
<use imagenes/temp4_1.png>
Package pdftex.def Info: imagenes/temp4_1.png  used on input line 280.
(pdftex.def)             Requested size: 103.50105pt x 179.40274pt.
<imagenes/temp4_2.png, id=61, 258.9675pt x 446.66875pt>
File: imagenes/temp4_2.png Graphic file (type png)
<use imagenes/temp4_2.png>
Package pdftex.def Info: imagenes/temp4_2.png  used on input line 281.
(pdftex.def)             Requested size: 103.50105pt x 178.5212pt.
<imagenes/temp4_3.png, id=62, 253.94875pt x 441.65pt>
File: imagenes/temp4_3.png Graphic file (type png)
<use imagenes/temp4_3.png>
Package pdftex.def Info: imagenes/temp4_3.png  used on input line 282.
(pdftex.def)             Requested size: 103.50105pt x 179.99942pt.
<imagenes/temp5.png, id=63, 550.055pt x 443.6575pt>
File: imagenes/temp5.png Graphic file (type png)
<use imagenes/temp5.png>
Package pdftex.def Info: imagenes/temp5.png  used on input line 294.
(pdftex.def)             Requested size: 275.02682pt x 221.8282pt.
 [9 <./imagenes/temp4_1.png> <./imagenes/temp4_2.png> <./imagenes/temp4_3.png>]
 [10 <./imagenes/temp5.png>]
(./ReporteP5.aux
LaTeX Info: Redefining \. on input line 7.
LaTeX Info: Redefining \% on input line 7.
) ) 
Here is how much of TeX's memory you used:
 3687 strings out of 481239
 48332 string characters out of 5920378
 295006 words of memory out of 5000000
 18905 multiletter control sequences out of 15000+600000
 545406 words of font info for 60 fonts, out of 8000000 for 9000
 1141 hyphenation exceptions out of 8191
 30i,7n,35p,533b,361s stack positions out of 5000i,500n,10000p,200000b,80000s
{/usr/share/texmf/fonts/enc/dvips/cm-super/cm-super-ts1.enc}{/usr/share/texm
f/fonts/enc/dvips/cm-super/cm-super-t1.enc}</usr/share/texlive/texmf-dist/fonts
/type1/public/amsfonts/cm/cmr10.pfb></usr/share/texlive/texmf-dist/fonts/type1/
public/amsfonts/cm/cmr7.pfb></usr/share/texlive/texmf-dist/fonts/type1/public/a
msfonts/cm/cmsy10.pfb></usr/share/texmf/fonts/type1/public/cm-super/sfbx1000.pf
b></usr/share/texmf/fonts/type1/public/cm-super/sfbx1200.pfb></usr/share/texmf/
fonts/type1/public/cm-super/sfbx1440.pfb></usr/share/texmf/fonts/type1/public/c
m-super/sfrm1000.pfb></usr/share/texmf/fonts/type1/public/cm-super/sfrm1200.pfb
></usr/share/texmf/fonts/type1/public/cm-super/sfrm1728.pfb></usr/share/texmf/f
onts/type1/public/cm-super/sfti1000.pfb></usr/share/texmf/fonts/type1/public/cm
-super/sftt1000.pfb>
Output written on ReporteP5.pdf (10 pages, 1092053 bytes).
PDF statistics:
 114 PDF objects out of 1000 (max. 8388607)
 62 compressed objects within 1 object stream
 0 named destinations out of 1000 (max. 500000)
 76 words of extra memory for PDF output out of 10000 (max. 10000000)

