This is pdfTeX, Version 3.14159265-2.6-1.40.20 (TeX Live 2019/Debian) (preloaded format=pdflatex 2020.9.30)  30 DEC 2020 17:01
entering extended mode
 restricted \write18 enabled.
 %&-line parsing enabled.
**Reporte.tex
(./Reporte.tex
LaTeX2e <2020-02-02> patch level 2
L3 programming layer <2020-02-14>
(/usr/share/texlive/texmf-dist/tex/latex/base/article.cls
Document Class: article 2019/12/20 v1.4l Standard LaTeX document class
(/usr/share/texlive/texmf-dist/tex/latex/base/size10.clo
File: size10.clo 2019/12/20 v1.4l Standard LaTeX file (size option)
)
\c@part=\count167
\c@section=\count168
\c@subsection=\count169
\c@subsubsection=\count170
\c@paragraph=\count171
\c@subparagraph=\count172
\c@figure=\count173
\c@table=\count174
\abovecaptionskip=\skip47
\belowcaptionskip=\skip48
\bibindent=\dimen134
)
(/usr/share/texlive/texmf-dist/tex/generic/babel/babel.sty
Package: babel 2020/02/14 3.40 The Babel package

(/usr/share/texlive/texmf-dist/tex/generic/babel/switch.def
File: switch.def 2020/02/14 3.40 Babel switching mechanism
)
(/usr/share/texlive/texmf-dist/tex/generic/babel-spanish/spanish.ldf
Language: spanish.ldf 2016/03/03 v5.0p Spanish support from the babel system

(/usr/share/texlive/texmf-dist/tex/generic/babel/babel.def
File: babel.def 2020/02/14 3.40 Babel common definitions
\babel@savecnt=\count175
\U@D=\dimen135

(/usr/share/texlive/texmf-dist/tex/generic/babel/txtbabel.def)
\bbl@readstream=\read2
\bbl@dirlevel=\count176
)
\es@quottoks=\toks14
\es@quotdepth=\count177
Package babel Info: Making " an active character on input line 561.
Package babel Info: Making . an active character on input line 662.
Package babel Info: Making < an active character on input line 707.
Package babel Info: Making > an active character on input line 707.
))
(/usr/share/texlive/texmf-dist/tex/latex/base/inputenc.sty
Package: inputenc 2018/08/11 v1.3c Input encoding file
\inpenc@prehook=\toks15
\inpenc@posthook=\toks16
)
(/usr/share/texlive/texmf-dist/tex/latex/amsfonts/amssymb.sty
Package: amssymb 2013/01/14 v3.01 AMS font symbols

(/usr/share/texlive/texmf-dist/tex/latex/amsfonts/amsfonts.sty
Package: amsfonts 2013/01/14 v3.01 Basic AMSFonts support
\@emptytoks=\toks17
\symAMSa=\mathgroup4
\symAMSb=\mathgroup5
LaTeX Font Info:    Redeclaring math symbol \hbar on input line 98.
LaTeX Font Info:    Overwriting math alphabet `\mathfrak' in version `bold'
(Font)                  U/euf/m/n --> U/euf/b/n on input line 106.
))
(/usr/share/texlive/texmf-dist/tex/latex/amsmath/amsmath.sty
Package: amsmath 2020/01/20 v2.17e AMS math features
\@mathmargin=\skip49

For additional information on amsmath, use the `?' option.
(/usr/share/texlive/texmf-dist/tex/latex/amsmath/amstext.sty
Package: amstext 2000/06/29 v2.01 AMS text

(/usr/share/texlive/texmf-dist/tex/latex/amsmath/amsgen.sty
File: amsgen.sty 1999/11/30 v2.0 generic functions
\@emptytoks=\toks18
\ex@=\dimen136
))
(/usr/share/texlive/texmf-dist/tex/latex/amsmath/amsbsy.sty
Package: amsbsy 1999/11/29 v1.2d Bold Symbols
\pmbraise@=\dimen137
)
(/usr/share/texlive/texmf-dist/tex/latex/amsmath/amsopn.sty
Package: amsopn 2016/03/08 v2.02 operator names
)
\inf@bad=\count178
LaTeX Info: Redefining \frac on input line 227.
\uproot@=\count179
\leftroot@=\count180
LaTeX Info: Redefining \overline on input line 389.
\classnum@=\count181
\DOTSCASE@=\count182
LaTeX Info: Redefining \ldots on input line 486.
LaTeX Info: Redefining \dots on input line 489.
LaTeX Info: Redefining \cdots on input line 610.
\Mathstrutbox@=\box45
\strutbox@=\box46
\big@size=\dimen138
LaTeX Font Info:    Redeclaring font encoding OML on input line 733.
LaTeX Font Info:    Redeclaring font encoding OMS on input line 734.
\macc@depth=\count183
\c@MaxMatrixCols=\count184
\dotsspace@=\muskip16
\c@parentequation=\count185
\dspbrk@lvl=\count186
\tag@help=\toks19
\row@=\count187
\column@=\count188
\maxfields@=\count189
\andhelp@=\toks20
\eqnshift@=\dimen139
\alignsep@=\dimen140
\tagshift@=\dimen141
\tagwidth@=\dimen142
\totwidth@=\dimen143
\lineht@=\dimen144
\@envbody=\toks21
\multlinegap=\skip50
\multlinetaggap=\skip51
\mathdisplay@stack=\toks22
LaTeX Info: Redefining \[ on input line 2859.
LaTeX Info: Redefining \] on input line 2860.
)
(/usr/share/texlive/texmf-dist/tex/latex/wasysym/wasysym.sty
Package: wasysym 2020/01/19 v2.4 Wasy-2 symbol support package
\symwasy=\mathgroup6
LaTeX Font Info:    Overwriting symbol font `wasy' in version `bold'
(Font)                  U/wasy/m/n --> U/wasy/b/n on input line 93.
)
(/usr/share/texlive/texmf-dist/tex/latex/multirow/multirow.sty
Package: multirow 2019/05/31 v2.5 Span multiple rows of a table
\multirow@colwidth=\skip52
\multirow@cntb=\count190
\multirow@dima=\skip53
\bigstrutjot=\dimen145
)
(/usr/share/texlive/texmf-dist/tex/latex/graphics/graphicx.sty
Package: graphicx 2019/11/30 v1.2a Enhanced LaTeX Graphics (DPC,SPQR)

(/usr/share/texlive/texmf-dist/tex/latex/graphics/keyval.sty
Package: keyval 2014/10/28 v1.15 key=value parser (DPC)
\KV@toks@=\toks23
)
(/usr/share/texlive/texmf-dist/tex/latex/graphics/graphics.sty
Package: graphics 2019/11/30 v1.4a Standard LaTeX Graphics (DPC,SPQR)

(/usr/share/texlive/texmf-dist/tex/latex/graphics/trig.sty
Package: trig 2016/01/03 v1.10 sin cos tan (DPC)
)
(/usr/share/texlive/texmf-dist/tex/latex/graphics-cfg/graphics.cfg
File: graphics.cfg 2016/06/04 v1.11 sample graphics configuration
)
Package graphics Info: Driver file: pdftex.def on input line 105.

(/usr/share/texlive/texmf-dist/tex/latex/graphics-def/pdftex.def
File: pdftex.def 2018/01/08 v1.0l Graphics/color driver for pdftex
))
\Gin@req@height=\dimen146
\Gin@req@width=\dimen147
)
(/usr/share/texlive/texmf-dist/tex/latex/l3backend/l3backend-pdfmode.def
File: l3backend-pdfmode.def 2020-02-03 L3 backend support: PDF mode
\l__kernel_color_stack_int=\count191
\l__pdf_internal_box=\box47
)
(./Reporte.aux
LaTeX Info: Redefining \. on input line 7.
LaTeX Info: Redefining \% on input line 7.
)
\openout1 = `Reporte.aux'.

LaTeX Font Info:    Checking defaults for OML/cmm/m/it on input line 10.
LaTeX Font Info:    ... okay on input line 10.
LaTeX Font Info:    Checking defaults for OMS/cmsy/m/n on input line 10.
LaTeX Font Info:    ... okay on input line 10.
LaTeX Font Info:    Checking defaults for OT1/cmr/m/n on input line 10.
LaTeX Font Info:    ... okay on input line 10.
LaTeX Font Info:    Checking defaults for T1/cmr/m/n on input line 10.
LaTeX Font Info:    ... okay on input line 10.
LaTeX Font Info:    Checking defaults for TS1/cmr/m/n on input line 10.
LaTeX Font Info:    ... okay on input line 10.
LaTeX Font Info:    Checking defaults for OMX/cmex/m/n on input line 10.
LaTeX Font Info:    ... okay on input line 10.
LaTeX Font Info:    Checking defaults for U/cmr/m/n on input line 10.
LaTeX Font Info:    ... okay on input line 10.
LaTeX Info: Redefining \. on input line 10.
LaTeX Info: Redefining \% on input line 10.

(/usr/share/texlive/texmf-dist/tex/context/base/mkii/supp-pdf.mkii
[Loading MPS to PDF converter (version 2006.09.02).]
\scratchcounter=\count192
\scratchdimen=\dimen148
\scratchbox=\box48
\nofMPsegments=\count193
\nofMParguments=\count194
\everyMPshowfont=\toks24
\MPscratchCnt=\count195
\MPscratchDim=\dimen149
\MPnumerator=\count196
\makeMPintoPDFobject=\count197
\everyMPtoPDFconversion=\toks25
) (/usr/share/texlive/texmf-dist/tex/latex/epstopdf-pkg/epstopdf-base.sty
Package: epstopdf-base 2020-01-24 v2.11 Base part for package epstopdf
Package epstopdf-base Info: Redefining graphics rule for `.eps' on input line 4
85.

(/usr/share/texlive/texmf-dist/tex/latex/latexconfig/epstopdf-sys.cfg
File: epstopdf-sys.cfg 2010/07/13 v1.3 Configuration of (r)epstopdf for TeX Liv
e
))
LaTeX Font Info:    Trying to load font information for U+msa on input line 11.


(/usr/share/texlive/texmf-dist/tex/latex/amsfonts/umsa.fd
File: umsa.fd 2013/01/14 v3.01 AMS symbols A
)
LaTeX Font Info:    Trying to load font information for U+msb on input line 11.


(/usr/share/texlive/texmf-dist/tex/latex/amsfonts/umsb.fd
File: umsb.fd 2013/01/14 v3.01 AMS symbols B
)
LaTeX Font Info:    Trying to load font information for U+wasy on input line 11
.

(/usr/share/texlive/texmf-dist/tex/latex/wasysym/uwasy.fd
File: uwasy.fd 2020/01/19 v2.4 Wasy-2 symbol font definitions
)
<imagenes/1.png, id=1, 806.01125pt x 574.145pt>
File: imagenes/1.png Graphic file (type png)
<use imagenes/1.png>
Package pdftex.def Info: imagenes/1.png  used on input line 15.
(pdftex.def)             Requested size: 345.0pt x 245.75616pt.

Overfull \hbox (15.0pt too wide) in paragraph at lines 15--16
[][] 
 []

<imagenes/2.png, id=3, 1371.1225pt x 623.32875pt>
File: imagenes/2.png Graphic file (type png)
<use imagenes/2.png>
Package pdftex.def Info: imagenes/2.png  used on input line 19.
(pdftex.def)             Requested size: 345.0pt x 156.83998pt.

Overfull \hbox (15.0pt too wide) in paragraph at lines 19--20
[][] 
 []

[1

{/var/lib/texmf/fonts/map/pdftex/updmap/pdftex.map} <./imagenes/1.png>]
<imagenes/3.png, id=14, 1371.1225pt x 424.58624pt>
File: imagenes/3.png Graphic file (type png)
<use imagenes/3.png>
Package pdftex.def Info: imagenes/3.png  used on input line 23.
(pdftex.def)             Requested size: 345.0pt x 106.83304pt.

Overfull \hbox (15.0pt too wide) in paragraph at lines 23--24
[][] 
 []

<imagenes/4.png, id=15, 1371.1225pt x 642.4pt>
File: imagenes/4.png Graphic file (type png)
<use imagenes/4.png>
Package pdftex.def Info: imagenes/4.png  used on input line 27.
(pdftex.def)             Requested size: 345.0pt x 161.63864pt.

Overfull \hbox (15.0pt too wide) in paragraph at lines 27--28
[][] 
 []

<imagenes/5.png, id=16, 1370.11874pt x 633.36626pt>
File: imagenes/5.png Graphic file (type png)
<use imagenes/5.png>
Package pdftex.def Info: imagenes/5.png  used on input line 31.
(pdftex.def)             Requested size: 345.0pt x 159.48157pt.

Overfull \hbox (15.0pt too wide) in paragraph at lines 31--32
[][] 
 []

[2 <./imagenes/2.png> <./imagenes/3.png> <./imagenes/4.png>]
<imagenes/6.png, id=23, 1371.1225pt x 641.39626pt>
File: imagenes/6.png Graphic file (type png)
<use imagenes/6.png>
Package pdftex.def Info: imagenes/6.png  used on input line 35.
(pdftex.def)             Requested size: 345.0pt x 161.38608pt.

Overfull \hbox (15.0pt too wide) in paragraph at lines 35--36
[][] 
 []

<imagenes/7.png, id=24, 1371.1225pt x 643.40375pt>
File: imagenes/7.png Graphic file (type png)
<use imagenes/7.png>
Package pdftex.def Info: imagenes/7.png  used on input line 39.
(pdftex.def)             Requested size: 345.0pt x 161.89119pt.

Overfull \hbox (15.0pt too wide) in paragraph at lines 39--40
[][] 
 []

[3 <./imagenes/5.png> <./imagenes/6.png>]
<imagenes/8.png, id=31, 1371.1225pt x 597.23125pt>
File: imagenes/8.png Graphic file (type png)
<use imagenes/8.png>
Package pdftex.def Info: imagenes/8.png  used on input line 43.
(pdftex.def)             Requested size: 345.0pt x 150.27342pt.

Overfull \hbox (15.0pt too wide) in paragraph at lines 43--44
[][] 
 []

<imagenes/9.png, id=32, 1371.1225pt x 599.23875pt>
File: imagenes/9.png Graphic file (type png)
<use imagenes/9.png>
Package pdftex.def Info: imagenes/9.png  used on input line 47.
(pdftex.def)             Requested size: 345.0pt x 150.77853pt.

Overfull \hbox (15.0pt too wide) in paragraph at lines 47--48
[][] 
 []

<imagenes/10.png, id=33, 1371.1225pt x 642.4pt>
File: imagenes/10.png Graphic file (type png)
<use imagenes/10.png>
Package pdftex.def Info: imagenes/10.png  used on input line 51.
(pdftex.def)             Requested size: 345.0pt x 161.63864pt.

Overfull \hbox (15.0pt too wide) in paragraph at lines 51--52
[][] 
 []

[4 <./imagenes/7.png> <./imagenes/8.png> <./imagenes/9.png>]
<imagenes/11.png, id=40, 1370.11874pt x 640.3925pt>
File: imagenes/11.png Graphic file (type png)
<use imagenes/11.png>
Package pdftex.def Info: imagenes/11.png  used on input line 55.
(pdftex.def)             Requested size: 345.0pt x 161.25078pt.

Overfull \hbox (15.0pt too wide) in paragraph at lines 55--56
[][] 
 []

<imagenes/12.png, id=41, 1371.1225pt x 646.415pt>
File: imagenes/12.png Graphic file (type png)
<use imagenes/12.png>
Package pdftex.def Info: imagenes/12.png  used on input line 59.
(pdftex.def)             Requested size: 345.0pt x 162.64888pt.

Overfull \hbox (15.0pt too wide) in paragraph at lines 59--60
[][] 
 []

[5 <./imagenes/10.png> <./imagenes/11.png> <./imagenes/12.png>]
<imagenes/13.png, id=48, 1371.1225pt x 642.4pt>
File: imagenes/13.png Graphic file (type png)
<use imagenes/13.png>
Package pdftex.def Info: imagenes/13.png  used on input line 63.
(pdftex.def)             Requested size: 345.0pt x 161.63864pt.

Overfull \hbox (15.0pt too wide) in paragraph at lines 63--64
[][] 
 []

<imagenes/14.png, id=49, 1371.1225pt x 642.4pt>
File: imagenes/14.png Graphic file (type png)
<use imagenes/14.png>
Package pdftex.def Info: imagenes/14.png  used on input line 67.
(pdftex.def)             Requested size: 345.0pt x 161.63864pt.

Overfull \hbox (15.0pt too wide) in paragraph at lines 67--68
[][] 
 []

<imagenes/15.png, id=50, 810.02625pt x 585.18625pt>
File: imagenes/15.png Graphic file (type png)
<use imagenes/15.png>
Package pdftex.def Info: imagenes/15.png  used on input line 71.
(pdftex.def)             Requested size: 345.0pt x 249.24107pt.

Overfull \hbox (15.0pt too wide) in paragraph at lines 71--72
[][] 
 []

[6 <./imagenes/13.png> <./imagenes/14.png>] [7 <./imagenes/15.png>]
(./Reporte.aux
LaTeX Info: Redefining \. on input line 7.
LaTeX Info: Redefining \% on input line 7.
) ) 
Here is how much of TeX's memory you used:
 3691 strings out of 481239
 48049 string characters out of 5920377
 289072 words of memory out of 5000000
 18907 multiletter control sequences out of 15000+600000
 540810 words of font info for 59 fonts, out of 8000000 for 9000
 1141 hyphenation exceptions out of 8191
 30i,7n,35p,262b,361s stack positions out of 5000i,500n,10000p,200000b,80000s
</usr/share/texlive/texmf-dist/fonts/type1/public/amsfonts/cm/cmr10.pfb></us
r/share/texlive/texmf-dist/fonts/type1/public/amsfonts/cm/cmr12.pfb></usr/share
/texlive/texmf-dist/fonts/type1/public/amsfonts/cm/cmr17.pfb></usr/share/texliv
e/texmf-dist/fonts/type1/public/amsfonts/cm/cmti10.pfb></usr/share/texlive/texm
f-dist/fonts/type1/public/amsfonts/cm/cmtt10.pfb>
Output written on Reporte.pdf (7 pages, 1480086 bytes).
PDF statistics:
 79 PDF objects out of 1000 (max. 8388607)
 34 compressed objects within 1 object stream
 0 named destinations out of 1000 (max. 500000)
 76 words of extra memory for PDF output out of 10000 (max. 10000000)

